# JRE version: OpenJDK Runtime Environment (11.0.13) (build 11.0.13+0-b1751.21-8125866)
# Java VM: OpenJDK 64-Bit Server VM (11.0.13+0-b1751.21-8125866, mixed mode, tiered, compressed oops, g1 gc, windows-amd64)
Heap:
 garbage-first heap   total 501760K, used 223954K [0x0000000080000000, 0x0000000100000000)
  region size 1024K, 16 young (16384K), 16 survivors (16384K)
 Metaspace       used 106523K, capacity 109464K, committed 111056K, reserved 1144832K
  class space    used 13619K, capacity 14720K, committed 15392K, reserved 1048576K
GC Heap History (20 events):
Event: 22.736 GC heap after
{Heap after GC invocations=40 (full 0):
 garbage-first heap   total 307200K, used 129618K [0x0000000080000000, 0x0000000100000000)
  region size 1024K, 5 young (5120K), 5 survivors (5120K)
 Metaspace       used 103377K, capacity 106733K, committed 106960K, reserved 1140736K
  class space    used 13528K, capacity 14857K, committed 14880K, reserved 1048576K
}
Event: 23.121 GC heap before
{Heap before GC invocations=40 (full 0):
 garbage-first heap   total 307200K, used 264786K [0x0000000080000000, 0x0000000100000000)
  region size 1024K, 138 young (141312K), 5 survivors (5120K)
 Metaspace       used 103423K, capacity 106745K, committed 106960K, reserved 1140736K
  class space    used 13529K, capacity 14857K, committed 14880K, reserved 1048576K
}
Event: 23.131 GC heap after
{Heap after GC invocations=41 (full 0):
 garbage-first heap   total 307200K, used 130723K [0x0000000080000000, 0x0000000100000000)
  region size 1024K, 6 young (6144K), 6 survivors (6144K)
 Metaspace       used 103423K, capacity 106745K, committed 106960K, reserved 1140736K
  class space    used 13529K, capacity 14857K, committed 14880K, reserved 1048576K
}
Event: 23.639 GC heap before
{Heap before GC invocations=41 (full 0):
 garbage-first heap   total 307200K, used 266915K [0x0000000080000000, 0x0000000100000000)
  region size 1024K, 138 young (141312K), 6 survivors (6144K)
 Metaspace       used 103540K, capacity 106906K, committed 106960K, reserved 1140736K
  class space    used 13529K, capacity 14857K, committed 14880K, reserved 1048576K
}
Event: 23.651 GC heap after
{Heap after GC invocations=42 (full 0):
 garbage-first heap   total 307200K, used 133712K [0x0000000080000000, 0x0000000100000000)
  region size 1024K, 9 young (9216K), 9 survivors (9216K)
 Metaspace       used 103540K, capacity 106906K, committed 106960K, reserved 1140736K
  class space    used 13529K, capacity 14857K, committed 14880K, reserved 1048576K
}
Event: 24.013 GC heap before
{Heap before GC invocations=42 (full 0):
 garbage-first heap   total 307200K, used 265808K [0x0000000080000000, 0x0000000100000000)
  region size 1024K, 138 young (141312K), 9 survivors (9216K)
 Metaspace       used 103718K, capacity 107066K, committed 107344K, reserved 1142784K
  class space    used 13549K, capacity 14889K, committed 15008K, reserved 1048576K
}
Event: 24.024 GC heap after
{Heap after GC invocations=43 (full 0):
 garbage-first heap   total 307200K, used 134126K [0x0000000080000000, 0x0000000100000000)
  region size 1024K, 10 young (10240K), 10 survivors (10240K)
 Metaspace       used 103718K, capacity 107066K, committed 107344K, reserved 1142784K
  class space    used 13549K, capacity 14889K, committed 15008K, reserved 1048576K
}
Event: 24.330 GC heap before
{Heap before GC invocations=43 (full 0):
 garbage-first heap   total 307200K, used 265198K [0x0000000080000000, 0x0000000100000000)
  region size 1024K, 138 young (141312K), 10 survivors (10240K)
 Metaspace       used 104143K, capacity 107469K, committed 107600K, reserved 1142784K
  class space    used 13595K, capacity 14959K, committed 15008K, reserved 1048576K
}
Event: 24.344 GC heap after
{Heap after GC invocations=44 (full 0):
 garbage-first heap   total 307200K, used 136193K [0x0000000080000000, 0x0000000100000000)
  region size 1024K, 12 young (12288K), 12 survivors (12288K)
 Metaspace       used 104143K, capacity 107469K, committed 107600K, reserved 1142784K
  class space    used 13595K, capacity 14959K, committed 15008K, reserved 1048576K
}
Event: 24.608 GC heap before
{Heap before GC invocations=44 (full 0):
 garbage-first heap   total 307200K, used 263169K [0x0000000080000000, 0x0000000100000000)
  region size 1024K, 136 young (139264K), 12 survivors (12288K)
 Metaspace       used 104174K, capacity 107533K, committed 107600K, reserved 1142784K
  class space    used 13597K, capacity 14959K, committed 15008K, reserved 1048576K
}
Event: 24.626 GC heap after
{Heap after GC invocations=45 (full 0):
 garbage-first heap   total 368640K, used 137538K [0x0000000080000000, 0x0000000100000000)
  region size 1024K, 11 young (11264K), 11 survivors (11264K)
 Metaspace       used 104174K, capacity 107533K, committed 107600K, reserved 1142784K
  class space    used 13597K, capacity 14959K, committed 15008K, reserved 1048576K
}
Event: 24.936 GC heap before
{Heap before GC invocations=45 (full 0):
 garbage-first heap   total 368640K, used 303426K [0x0000000080000000, 0x0000000100000000)
  region size 1024K, 173 young (177152K), 11 survivors (11264K)
 Metaspace       used 104177K, capacity 107533K, committed 107600K, reserved 1142784K
  class space    used 13597K, capacity 14959K, committed 15008K, reserved 1048576K
}
Event: 24.951 GC heap after
{Heap after GC invocations=46 (full 0):
 garbage-first heap   total 368640K, used 140844K [0x0000000080000000, 0x0000000100000000)
  region size 1024K, 14 young (14336K), 14 survivors (14336K)
 Metaspace       used 104177K, capacity 107533K, committed 107600K, reserved 1142784K
  class space    used 13597K, capacity 14959K, committed 15008K, reserved 1048576K
}
Event: 25.380 GC heap before
{Heap before GC invocations=46 (full 0):
 garbage-first heap   total 368640K, used 311852K [0x0000000080000000, 0x0000000100000000)
  region size 1024K, 180 young (184320K), 14 survivors (14336K)
 Metaspace       used 104233K, capacity 107534K, committed 107600K, reserved 1142784K
  class space    used 13601K, capacity 14959K, committed 15008K, reserved 1048576K
}
Event: 25.394 GC heap after
{Heap after GC invocations=47 (full 0):
 garbage-first heap   total 368640K, used 139517K [0x0000000080000000, 0x0000000100000000)
  region size 1024K, 11 young (11264K), 11 survivors (11264K)
 Metaspace       used 104233K, capacity 107534K, committed 107600K, reserved 1142784K
  class space    used 13601K, capacity 14959K, committed 15008K, reserved 1048576K
}
Event: 27.617 GC heap before
{Heap before GC invocations=47 (full 0):
 garbage-first heap   total 368640K, used 320764K [0x0000000080000000, 0x0000000100000000)
  region size 1024K, 182 young (186368K), 11 survivors (11264K)
 Metaspace       used 105249K, capacity 108660K, committed 108752K, reserved 1142784K
  class space    used 13709K, capacity 15084K, committed 15136K, reserved 1048576K
}
Event: 27.627 GC heap after
{Heap after GC invocations=48 (full 0):
 garbage-first heap   total 368640K, used 145926K [0x0000000080000000, 0x0000000100000000)
  region size 1024K, 13 young (13312K), 13 survivors (13312K)
 Metaspace       used 105249K, capacity 108660K, committed 108752K, reserved 1142784K
  class space    used 13709K, capacity 15084K, committed 15136K, reserved 1048576K
}
Event: 29.678 GC heap before
{Heap before GC invocations=48 (full 0):
 garbage-first heap   total 368640K, used 316934K [0x0000000080000000, 0x0000000100000000)
  region size 1024K, 151 young (154624K), 13 survivors (13312K)
 Metaspace       used 107044K, capacity 110493K, committed 110800K, reserved 1144832K
  class space    used 13901K, capacity 15265K, committed 15392K, reserved 1048576K
}
Event: 29.750 GC heap after
{Heap after GC invocations=49 (full 0):
 garbage-first heap   total 368640K, used 194485K [0x0000000080000000, 0x0000000100000000)
  region size 1024K, 23 young (23552K), 23 survivors (23552K)
 Metaspace       used 107044K, capacity 110493K, committed 110800K, reserved 1144832K
  class space    used 13901K, capacity 15265K, committed 15392K, reserved 1048576K
}
Event: 30.483 GC heap before
{Heap before GC invocations=50 (full 0):
 garbage-first heap   total 368640K, used 293813K [0x0000000080000000, 0x0000000100000000)
  region size 1024K, 122 young (124928K), 23 survivors (23552K)
 Metaspace       used 106523K, capacity 109464K, committed 111056K, reserved 1144832K
  class space    used 13619K, capacity 14720K, committed 15392K, reserved 1048576K
}

