# JRE version: OpenJDK Runtime Environment (11.0.13) (build 11.0.13+0-b1751.21-8125866)
# Java VM: OpenJDK 64-Bit Server VM (11.0.13+0-b1751.21-8125866, mixed mode, tiered, compressed oops, g1 gc, windows-amd64)
Heap:
 garbage-first heap   total 618496K, used 217364K [0x0000000080000000, 0x0000000100000000)
  region size 1024K, 2 young (2048K), 2 survivors (2048K)
 Metaspace       used 131243K, capacity 135077K, committed 135400K, reserved 1167360K
  class space    used 16792K, capacity 18227K, committed 18304K, reserved 1048576K
GC Heap History (20 events):
Event: 702.130 GC heap after
{Heap after GC invocations=163 (full 0):
 garbage-first heap   total 273408K, used 225791K [0x0000000080000000, 0x0000000100000000)
  region size 1024K, 1 young (1024K), 1 survivors (1024K)
 Metaspace       used 130224K, capacity 134015K, committed 134504K, reserved 1165312K
  class space    used 16636K, capacity 18044K, committed 18176K, reserved 1048576K
}
Event: 702.175 GC heap before
{Heap before GC invocations=163 (full 0):
 garbage-first heap   total 273408K, used 240127K [0x0000000080000000, 0x0000000100000000)
  region size 1024K, 16 young (16384K), 1 survivors (1024K)
 Metaspace       used 130283K, capacity 134085K, committed 134504K, reserved 1165312K
  class space    used 16643K, capacity 18046K, committed 18176K, reserved 1048576K
}
Event: 702.182 GC heap after
{Heap after GC invocations=164 (full 0):
 garbage-first heap   total 273408K, used 226751K [0x0000000080000000, 0x0000000100000000)
  region size 1024K, 2 young (2048K), 2 survivors (2048K)
 Metaspace       used 130283K, capacity 134085K, committed 134504K, reserved 1165312K
  class space    used 16643K, capacity 18046K, committed 18176K, reserved 1048576K
}
Event: 702.246 GC heap before
{Heap before GC invocations=164 (full 0):
 garbage-first heap   total 273408K, used 241087K [0x0000000080000000, 0x0000000100000000)
  region size 1024K, 16 young (16384K), 2 survivors (2048K)
 Metaspace       used 130321K, capacity 134091K, committed 134504K, reserved 1165312K
  class space    used 16652K, capacity 18048K, committed 18176K, reserved 1048576K
}
Event: 702.250 GC heap after
{Heap after GC invocations=165 (full 0):
 garbage-first heap   total 273408K, used 227024K [0x0000000080000000, 0x0000000100000000)
  region size 1024K, 1 young (1024K), 1 survivors (1024K)
 Metaspace       used 130321K, capacity 134091K, committed 134504K, reserved 1165312K
  class space    used 16652K, capacity 18048K, committed 18176K, reserved 1048576K
}
Event: 702.318 GC heap before
{Heap before GC invocations=165 (full 0):
 garbage-first heap   total 273408K, used 241360K [0x0000000080000000, 0x0000000100000000)
  region size 1024K, 15 young (15360K), 1 survivors (1024K)
 Metaspace       used 130365K, capacity 134164K, committed 134504K, reserved 1165312K
  class space    used 16655K, capacity 18051K, committed 18176K, reserved 1048576K
}
Event: 702.321 GC heap after
{Heap after GC invocations=166 (full 0):
 garbage-first heap   total 273408K, used 227236K [0x0000000080000000, 0x0000000100000000)
  region size 1024K, 2 young (2048K), 2 survivors (2048K)
 Metaspace       used 130365K, capacity 134164K, committed 134504K, reserved 1165312K
  class space    used 16655K, capacity 18051K, committed 18176K, reserved 1048576K
}
Event: 702.405 GC heap before
{Heap before GC invocations=166 (full 0):
 garbage-first heap   total 273408K, used 241572K [0x0000000080000000, 0x0000000100000000)
  region size 1024K, 16 young (16384K), 2 survivors (2048K)
 Metaspace       used 130387K, capacity 134165K, committed 134504K, reserved 1165312K
  class space    used 16658K, capacity 18051K, committed 18176K, reserved 1048576K
}
Event: 702.408 GC heap after
{Heap after GC invocations=167 (full 0):
 garbage-first heap   total 273408K, used 227291K [0x0000000080000000, 0x0000000100000000)
  region size 1024K, 1 young (1024K), 1 survivors (1024K)
 Metaspace       used 130387K, capacity 134165K, committed 134504K, reserved 1165312K
  class space    used 16658K, capacity 18051K, committed 18176K, reserved 1048576K
}
Event: 702.481 GC heap before
{Heap before GC invocations=167 (full 0):
 garbage-first heap   total 273408K, used 240603K [0x0000000080000000, 0x0000000100000000)
  region size 1024K, 15 young (15360K), 1 survivors (1024K)
 Metaspace       used 130491K, capacity 134272K, committed 134632K, reserved 1165312K
  class space    used 16676K, capacity 18087K, committed 18304K, reserved 1048576K
}
Event: 702.484 GC heap after
{Heap after GC invocations=168 (full 0):
 garbage-first heap   total 273408K, used 227431K [0x0000000080000000, 0x0000000100000000)
  region size 1024K, 1 young (1024K), 1 survivors (1024K)
 Metaspace       used 130491K, capacity 134272K, committed 134632K, reserved 1165312K
  class space    used 16676K, capacity 18087K, committed 18304K, reserved 1048576K
}
Event: 702.622 GC heap before
{Heap before GC invocations=168 (full 0):
 garbage-first heap   total 273408K, used 241767K [0x0000000080000000, 0x0000000100000000)
  region size 1024K, 15 young (15360K), 1 survivors (1024K)
 Metaspace       used 130634K, capacity 134430K, committed 134888K, reserved 1165312K
  class space    used 16697K, capacity 18097K, committed 18304K, reserved 1048576K
}
Event: 702.626 GC heap after
{Heap after GC invocations=169 (full 0):
 garbage-first heap   total 328704K, used 227547K [0x0000000080000000, 0x0000000100000000)
  region size 1024K, 1 young (1024K), 1 survivors (1024K)
 Metaspace       used 130634K, capacity 134430K, committed 134888K, reserved 1165312K
  class space    used 16697K, capacity 18097K, committed 18304K, reserved 1048576K
}
Event: 702.809 GC heap before
{Heap before GC invocations=170 (full 0):
 garbage-first heap   total 328704K, used 264411K [0x0000000080000000, 0x0000000100000000)
  region size 1024K, 38 young (38912K), 1 survivors (1024K)
 Metaspace       used 130816K, capacity 134624K, committed 134888K, reserved 1165312K
  class space    used 16728K, capacity 18141K, committed 18304K, reserved 1048576K
}
Event: 702.813 GC heap after
{Heap after GC invocations=171 (full 0):
 garbage-first heap   total 328704K, used 227779K [0x0000000080000000, 0x0000000100000000)
  region size 1024K, 1 young (1024K), 1 survivors (1024K)
 Metaspace       used 130816K, capacity 134624K, committed 134888K, reserved 1165312K
  class space    used 16728K, capacity 18141K, committed 18304K, reserved 1048576K
}
Event: 702.857 GC heap before
{Heap before GC invocations=171 (full 0):
 garbage-first heap   total 328704K, used 243138K [0x0000000080000000, 0x0000000100000000)
  region size 1024K, 16 young (16384K), 1 survivors (1024K)
 Metaspace       used 130904K, capacity 134711K, committed 135144K, reserved 1167360K
  class space    used 16747K, capacity 18149K, committed 18304K, reserved 1048576K
}
Event: 702.878 GC heap after
{Heap after GC invocations=172 (full 0):
 garbage-first heap   total 328704K, used 217144K [0x0000000080000000, 0x0000000100000000)
  region size 1024K, 2 young (2048K), 2 survivors (2048K)
 Metaspace       used 130904K, capacity 134711K, committed 135144K, reserved 1167360K
  class space    used 16747K, capacity 18149K, committed 18304K, reserved 1048576K
}
Event: 703.006 GC heap before
{Heap before GC invocations=172 (full 0):
 garbage-first heap   total 328704K, used 262200K [0x0000000080000000, 0x0000000100000000)
  region size 1024K, 46 young (47104K), 2 survivors (2048K)
 Metaspace       used 131121K, capacity 134982K, committed 135144K, reserved 1167360K
  class space    used 16782K, capacity 18218K, committed 18304K, reserved 1048576K
}
Event: 703.012 GC heap after
{Heap after GC invocations=173 (full 0):
 garbage-first heap   total 328704K, used 216931K [0x0000000080000000, 0x0000000100000000)
  region size 1024K, 2 young (2048K), 2 survivors (2048K)
 Metaspace       used 131121K, capacity 134982K, committed 135144K, reserved 1167360K
  class space    used 16782K, capacity 18218K, committed 18304K, reserved 1048576K
}
Event: 703.126 GC heap before
{Heap before GC invocations=173 (full 0):
 garbage-first heap   total 328704K, used 265059K [0x0000000080000000, 0x0000000100000000)
  region size 1024K, 49 young (50176K), 2 survivors (2048K)
 Metaspace       used 131243K, capacity 135077K, committed 135400K, reserved 1167360K
  class space    used 16792K, capacity 18227K, committed 18304K, reserved 1048576K
}

