# JRE version: OpenJDK Runtime Environment (11.0.13) (build 11.0.13+0-b1751.21-8125866)
# Java VM: OpenJDK 64-Bit Server VM (11.0.13+0-b1751.21-8125866, mixed mode, tiered, compressed oops, g1 gc, windows-amd64)
Heap:
 garbage-first heap   total 131072K, used 64998K [0x0000000080000000, 0x0000000100000000)
  region size 1024K, 47 young (48128K), 7 survivors (7168K)
 Metaspace       used 38346K, capacity 39216K, committed 39376K, reserved 1083392K
  class space    used 4810K, capacity 5147K, committed 5248K, reserved 1048576K
GC Heap History (12 events):
Event: 2.484 GC heap before
{Heap before GC invocations=0 (full 0):
 garbage-first heap   total 131072K, used 29696K [0x0000000080000000, 0x0000000100000000)
  region size 1024K, 24 young (24576K), 0 survivors (0K)
 Metaspace       used 10235K, capacity 10499K, committed 10624K, reserved 1058816K
  class space    used 1053K, capacity 1141K, committed 1152K, reserved 1048576K
}
Event: 2.495 GC heap after
{Heap after GC invocations=1 (full 0):
 garbage-first heap   total 131072K, used 9455K [0x0000000080000000, 0x0000000100000000)
  region size 1024K, 3 young (3072K), 3 survivors (3072K)
 Metaspace       used 10235K, capacity 10499K, committed 10624K, reserved 1058816K
  class space    used 1053K, capacity 1141K, committed 1152K, reserved 1048576K
}
Event: 3.151 GC heap before
{Heap before GC invocations=1 (full 0):
 garbage-first heap   total 131072K, used 31983K [0x0000000080000000, 0x0000000100000000)
  region size 1024K, 25 young (25600K), 3 survivors (3072K)
 Metaspace       used 11202K, capacity 11454K, committed 11520K, reserved 1058816K
  class space    used 1152K, capacity 1246K, committed 1280K, reserved 1048576K
}
Event: 3.158 GC heap after
{Heap after GC invocations=2 (full 0):
 garbage-first heap   total 131072K, used 10087K [0x0000000080000000, 0x0000000100000000)
  region size 1024K, 1 young (1024K), 1 survivors (1024K)
 Metaspace       used 11202K, capacity 11454K, committed 11520K, reserved 1058816K
  class space    used 1152K, capacity 1246K, committed 1280K, reserved 1048576K
}
Event: 6.499 GC heap before
{Heap before GC invocations=2 (full 0):
 garbage-first heap   total 131072K, used 66407K [0x0000000080000000, 0x0000000100000000)
  region size 1024K, 56 young (57344K), 1 survivors (1024K)
 Metaspace       used 18208K, capacity 18587K, committed 18688K, reserved 1064960K
  class space    used 2143K, capacity 2287K, committed 2304K, reserved 1048576K
}
Event: 6.504 GC heap after
{Heap after GC invocations=3 (full 0):
 garbage-first heap   total 131072K, used 16310K [0x0000000080000000, 0x0000000100000000)
  region size 1024K, 7 young (7168K), 7 survivors (7168K)
 Metaspace       used 18208K, capacity 18587K, committed 18688K, reserved 1064960K
  class space    used 2143K, capacity 2287K, committed 2304K, reserved 1048576K
}
Event: 7.676 GC heap before
{Heap before GC invocations=3 (full 0):
 garbage-first heap   total 131072K, used 37814K [0x0000000080000000, 0x0000000100000000)
  region size 1024K, 29 young (29696K), 7 survivors (7168K)
 Metaspace       used 20702K, capacity 21159K, committed 21296K, reserved 1069056K
  class space    used 2505K, capacity 2633K, committed 2688K, reserved 1048576K
}
Event: 7.689 GC heap after
{Heap after GC invocations=4 (full 0):
 garbage-first heap   total 131072K, used 17558K [0x0000000080000000, 0x0000000100000000)
  region size 1024K, 1 young (1024K), 1 survivors (1024K)
 Metaspace       used 20702K, capacity 21159K, committed 21296K, reserved 1069056K
  class space    used 2505K, capacity 2633K, committed 2688K, reserved 1048576K
}
Event: 10.374 GC heap before
{Heap before GC invocations=5 (full 0):
 garbage-first heap   total 131072K, used 72854K [0x0000000080000000, 0x0000000100000000)
  region size 1024K, 55 young (56320K), 1 survivors (1024K)
 Metaspace       used 26151K, capacity 26647K, committed 26800K, reserved 1073152K
  class space    used 3371K, capacity 3554K, committed 3584K, reserved 1048576K
}
Event: 10.377 GC heap after
{Heap after GC invocations=6 (full 0):
 garbage-first heap   total 131072K, used 19370K [0x0000000080000000, 0x0000000100000000)
  region size 1024K, 3 young (3072K), 3 survivors (3072K)
 Metaspace       used 26151K, capacity 26647K, committed 26800K, reserved 1073152K
  class space    used 3371K, capacity 3554K, committed 3584K, reserved 1048576K
}
Event: 13.323 GC heap before
{Heap before GC invocations=6 (full 0):
 garbage-first heap   total 131072K, used 76714K [0x0000000080000000, 0x0000000100000000)
  region size 1024K, 60 young (61440K), 3 survivors (3072K)
 Metaspace       used 35007K, capacity 35794K, committed 35920K, reserved 1081344K
  class space    used 4479K, capacity 4799K, committed 4864K, reserved 1048576K
}
Event: 13.334 GC heap after
{Heap after GC invocations=7 (full 0):
 garbage-first heap   total 131072K, used 23014K [0x0000000080000000, 0x0000000100000000)
  region size 1024K, 7 young (7168K), 7 survivors (7168K)
 Metaspace       used 35007K, capacity 35794K, committed 35920K, reserved 1081344K
  class space    used 4479K, capacity 4799K, committed 4864K, reserved 1048576K
}

