# JRE version: OpenJDK Runtime Environment (11.0.13) (build 11.0.13+0-b1751.21-8125866)
# Java VM: OpenJDK 64-Bit Server VM (11.0.13+0-b1751.21-8125866, mixed mode, tiered, compressed oops, g1 gc, windows-amd64)
Heap:
 garbage-first heap   total 157696K, used 56260K [0x0000000080000000, 0x0000000100000000)
  region size 1024K, 23 young (23552K), 11 survivors (11264K)
 Metaspace       used 51298K, capacity 52609K, committed 52816K, reserved 1097728K
  class space    used 6581K, capacity 7052K, committed 7168K, reserved 1048576K
GC Heap History (16 events):
Event: 0.741 GC heap before
{Heap before GC invocations=0 (full 0):
 garbage-first heap   total 131072K, used 29696K [0x0000000080000000, 0x0000000100000000)
  region size 1024K, 24 young (24576K), 0 survivors (0K)
 Metaspace       used 10237K, capacity 10495K, committed 10624K, reserved 1058816K
  class space    used 1053K, capacity 1141K, committed 1152K, reserved 1048576K
}
Event: 0.747 GC heap after
{Heap after GC invocations=1 (full 0):
 garbage-first heap   total 131072K, used 9451K [0x0000000080000000, 0x0000000100000000)
  region size 1024K, 3 young (3072K), 3 survivors (3072K)
 Metaspace       used 10237K, capacity 10495K, committed 10624K, reserved 1058816K
  class space    used 1053K, capacity 1141K, committed 1152K, reserved 1048576K
}
Event: 2.242 GC heap before
{Heap before GC invocations=1 (full 0):
 garbage-first heap   total 131072K, used 85227K [0x0000000080000000, 0x0000000100000000)
  region size 1024K, 76 young (77824K), 3 survivors (3072K)
 Metaspace       used 17654K, capacity 18064K, committed 18176K, reserved 1064960K
  class space    used 2061K, capacity 2220K, committed 2304K, reserved 1048576K
}
Event: 2.249 GC heap after
{Heap after GC invocations=2 (full 0):
 garbage-first heap   total 131072K, used 15997K [0x0000000080000000, 0x0000000100000000)
  region size 1024K, 10 young (10240K), 10 survivors (10240K)
 Metaspace       used 17654K, capacity 18064K, committed 18176K, reserved 1064960K
  class space    used 2061K, capacity 2220K, committed 2304K, reserved 1048576K
}
Event: 2.542 GC heap before
{Heap before GC invocations=2 (full 0):
 garbage-first heap   total 131072K, used 40573K [0x0000000080000000, 0x0000000100000000)
  region size 1024K, 35 young (35840K), 10 survivors (10240K)
 Metaspace       used 20751K, capacity 21194K, committed 21296K, reserved 1069056K
  class space    used 2512K, capacity 2671K, committed 2688K, reserved 1048576K
}
Event: 2.552 GC heap after
{Heap after GC invocations=3 (full 0):
 garbage-first heap   total 131072K, used 17455K [0x0000000080000000, 0x0000000100000000)
  region size 1024K, 2 young (2048K), 2 survivors (2048K)
 Metaspace       used 20751K, capacity 21194K, committed 21296K, reserved 1069056K
  class space    used 2512K, capacity 2671K, committed 2688K, reserved 1048576K
}
Event: 3.235 GC heap before
{Heap before GC invocations=4 (full 0):
 garbage-first heap   total 131072K, used 78895K [0x0000000080000000, 0x0000000100000000)
  region size 1024K, 63 young (64512K), 2 survivors (2048K)
 Metaspace       used 26566K, capacity 27158K, committed 27440K, reserved 1073152K
  class space    used 3447K, capacity 3663K, committed 3712K, reserved 1048576K
}
Event: 3.240 GC heap after
{Heap after GC invocations=5 (full 0):
 garbage-first heap   total 131072K, used 19390K [0x0000000080000000, 0x0000000100000000)
  region size 1024K, 4 young (4096K), 4 survivors (4096K)
 Metaspace       used 26566K, capacity 27158K, committed 27440K, reserved 1073152K
  class space    used 3447K, capacity 3663K, committed 3712K, reserved 1048576K
}
Event: 4.111 GC heap before
{Heap before GC invocations=5 (full 0):
 garbage-first heap   total 131072K, used 71614K [0x0000000080000000, 0x0000000100000000)
  region size 1024K, 56 young (57344K), 4 survivors (4096K)
 Metaspace       used 35057K, capacity 35823K, committed 35920K, reserved 1081344K
  class space    used 4496K, capacity 4831K, committed 4864K, reserved 1048576K
}
Event: 4.122 GC heap after
{Heap after GC invocations=6 (full 0):
 garbage-first heap   total 131072K, used 22770K [0x0000000080000000, 0x0000000100000000)
  region size 1024K, 7 young (7168K), 7 survivors (7168K)
 Metaspace       used 35057K, capacity 35823K, committed 35920K, reserved 1081344K
  class space    used 4496K, capacity 4831K, committed 4864K, reserved 1048576K
}
Event: 5.151 GC heap before
{Heap before GC invocations=7 (full 0):
 garbage-first heap   total 131072K, used 95474K [0x0000000080000000, 0x0000000100000000)
  region size 1024K, 76 young (77824K), 7 survivors (7168K)
 Metaspace       used 40289K, capacity 41252K, committed 41424K, reserved 1085440K
  class space    used 5091K, capacity 5441K, committed 5504K, reserved 1048576K
}
Event: 5.162 GC heap after
{Heap after GC invocations=8 (full 0):
 garbage-first heap   total 131072K, used 28158K [0x0000000080000000, 0x0000000100000000)
  region size 1024K, 9 young (9216K), 9 survivors (9216K)
 Metaspace       used 40289K, capacity 41252K, committed 41424K, reserved 1085440K
  class space    used 5091K, capacity 5441K, committed 5504K, reserved 1048576K
}
Event: 5.988 GC heap before
{Heap before GC invocations=8 (full 0):
 garbage-first heap   total 131072K, used 96766K [0x0000000080000000, 0x0000000100000000)
  region size 1024K, 76 young (77824K), 9 survivors (9216K)
 Metaspace       used 46120K, capacity 47197K, committed 47312K, reserved 1091584K
  class space    used 5849K, capacity 6241K, committed 6272K, reserved 1048576K
}
Event: 5.996 GC heap after
{Heap after GC invocations=9 (full 0):
 garbage-first heap   total 157696K, used 30531K [0x0000000080000000, 0x0000000100000000)
  region size 1024K, 3 young (3072K), 3 survivors (3072K)
 Metaspace       used 46120K, capacity 47197K, committed 47312K, reserved 1091584K
  class space    used 5849K, capacity 6241K, committed 6272K, reserved 1048576K
}
Event: 7.116 GC heap before
{Heap before GC invocations=9 (full 0):
 garbage-first heap   total 157696K, used 118595K [0x0000000080000000, 0x0000000100000000)
  region size 1024K, 85 young (87040K), 3 survivors (3072K)
 Metaspace       used 51169K, capacity 52472K, committed 52816K, reserved 1097728K
  class space    used 6574K, capacity 7049K, committed 7168K, reserved 1048576K
}
Event: 7.126 GC heap after
{Heap after GC invocations=10 (full 0):
 garbage-first heap   total 157696K, used 44996K [0x0000000080000000, 0x0000000100000000)
  region size 1024K, 11 young (11264K), 11 survivors (11264K)
 Metaspace       used 51169K, capacity 52472K, committed 52816K, reserved 1097728K
  class space    used 6574K, capacity 7049K, committed 7168K, reserved 1048576K
}

