# JRE version: OpenJDK Runtime Environment (11.0.13) (build 11.0.13+0-b1751.21-8125866)
# Java VM: OpenJDK 64-Bit Server VM (11.0.13+0-b1751.21-8125866, mixed mode, tiered, compressed oops, g1 gc, windows-amd64)
Heap:
 garbage-first heap   total 227328K, used 109078K [0x0000000080000000, 0x0000000100000000)
  region size 1024K, 6 young (6144K), 6 survivors (6144K)
 Metaspace       used 77035K, capacity 79116K, committed 79208K, reserved 1118208K
  class space    used 9944K, capacity 10666K, committed 10752K, reserved 1048576K
GC Heap History (20 events):
Event: 7.269 GC heap after
{Heap after GC invocations=15 (full 0):
 garbage-first heap   total 157696K, used 79413K [0x0000000080000000, 0x0000000100000000)
  region size 1024K, 2 young (2048K), 2 survivors (2048K)
 Metaspace       used 50165K, capacity 51698K, committed 51816K, reserved 1093632K
  class space    used 6353K, capacity 6863K, committed 6912K, reserved 1048576K
}
Event: 7.396 GC heap before
{Heap before GC invocations=16 (full 0):
 garbage-first heap   total 157696K, used 85557K [0x0000000080000000, 0x0000000100000000)
  region size 1024K, 9 young (9216K), 2 survivors (2048K)
 Metaspace       used 50402K, capacity 51947K, committed 52072K, reserved 1095680K
  class space    used 6385K, capacity 6900K, committed 6912K, reserved 1048576K
}
Event: 7.400 GC heap after
{Heap after GC invocations=17 (full 0):
 garbage-first heap   total 157696K, used 79710K [0x0000000080000000, 0x0000000100000000)
  region size 1024K, 3 young (3072K), 3 survivors (3072K)
 Metaspace       used 50402K, capacity 51947K, committed 52072K, reserved 1095680K
  class space    used 6385K, capacity 6900K, committed 6912K, reserved 1048576K
}
Event: 7.465 GC heap before
{Heap before GC invocations=18 (full 0):
 garbage-first heap   total 157696K, used 87902K [0x0000000080000000, 0x0000000100000000)
  region size 1024K, 9 young (9216K), 3 survivors (3072K)
 Metaspace       used 50411K, capacity 51947K, committed 52072K, reserved 1095680K
  class space    used 6385K, capacity 6900K, committed 6912K, reserved 1048576K
}
Event: 7.470 GC heap after
{Heap after GC invocations=19 (full 0):
 garbage-first heap   total 157696K, used 86826K [0x0000000080000000, 0x0000000100000000)
  region size 1024K, 5 young (5120K), 5 survivors (5120K)
 Metaspace       used 50411K, capacity 51947K, committed 52072K, reserved 1095680K
  class space    used 6385K, capacity 6900K, committed 6912K, reserved 1048576K
}
Event: 7.917 GC heap before
{Heap before GC invocations=20 (full 0):
 garbage-first heap   total 157696K, used 118570K [0x0000000080000000, 0x0000000100000000)
  region size 1024K, 35 young (35840K), 5 survivors (5120K)
 Metaspace       used 53324K, capacity 54878K, committed 55144K, reserved 1097728K
  class space    used 6859K, capacity 7409K, committed 7424K, reserved 1048576K
}
Event: 7.925 GC heap after
{Heap after GC invocations=21 (full 0):
 garbage-first heap   total 157696K, used 91679K [0x0000000080000000, 0x0000000100000000)
  region size 1024K, 3 young (3072K), 3 survivors (3072K)
 Metaspace       used 53324K, capacity 54878K, committed 55144K, reserved 1097728K
  class space    used 6859K, capacity 7409K, committed 7424K, reserved 1048576K
}
Event: 8.389 GC heap before
{Heap before GC invocations=21 (full 0):
 garbage-first heap   total 157696K, used 121375K [0x0000000080000000, 0x0000000100000000)
  region size 1024K, 32 young (32768K), 3 survivors (3072K)
 Metaspace       used 56393K, capacity 58082K, committed 58344K, reserved 1099776K
  class space    used 7198K, capacity 7770K, committed 7808K, reserved 1048576K
}
Event: 8.394 GC heap after
{Heap after GC invocations=22 (full 0):
 garbage-first heap   total 189440K, used 93317K [0x0000000080000000, 0x0000000100000000)
  region size 1024K, 2 young (2048K), 2 survivors (2048K)
 Metaspace       used 56393K, capacity 58082K, committed 58344K, reserved 1099776K
  class space    used 7198K, capacity 7770K, committed 7808K, reserved 1048576K
}
Event: 8.959 GC heap before
{Heap before GC invocations=23 (full 0):
 garbage-first heap   total 189440K, used 135301K [0x0000000080000000, 0x0000000100000000)
  region size 1024K, 43 young (44032K), 2 survivors (2048K)
 Metaspace       used 62483K, capacity 64161K, committed 64232K, reserved 1105920K
  class space    used 7924K, capacity 8517K, committed 8576K, reserved 1048576K
}
Event: 8.964 GC heap after
{Heap after GC invocations=24 (full 0):
 garbage-first heap   total 189440K, used 94389K [0x0000000080000000, 0x0000000100000000)
  region size 1024K, 3 young (3072K), 3 survivors (3072K)
 Metaspace       used 62483K, capacity 64161K, committed 64232K, reserved 1105920K
  class space    used 7924K, capacity 8517K, committed 8576K, reserved 1048576K
}
Event: 9.592 GC heap before
{Heap before GC invocations=24 (full 0):
 garbage-first heap   total 189440K, used 137397K [0x0000000080000000, 0x0000000100000000)
  region size 1024K, 46 young (47104K), 3 survivors (3072K)
 Metaspace       used 67721K, capacity 69562K, committed 69736K, reserved 1110016K
  class space    used 8573K, capacity 9205K, committed 9216K, reserved 1048576K
}
Event: 9.601 GC heap after
{Heap after GC invocations=25 (full 0):
 garbage-first heap   total 189440K, used 97845K [0x0000000080000000, 0x0000000100000000)
  region size 1024K, 6 young (6144K), 6 survivors (6144K)
 Metaspace       used 67721K, capacity 69562K, committed 69736K, reserved 1110016K
  class space    used 8573K, capacity 9205K, committed 9216K, reserved 1048576K
}
Event: 10.081 GC heap before
{Heap before GC invocations=26 (full 0):
 garbage-first heap   total 189440K, used 124469K [0x0000000080000000, 0x0000000100000000)
  region size 1024K, 33 young (33792K), 6 survivors (6144K)
 Metaspace       used 70159K, capacity 72029K, committed 72168K, reserved 1112064K
  class space    used 8892K, capacity 9575K, committed 9600K, reserved 1048576K
}
Event: 10.093 GC heap after
{Heap after GC invocations=27 (full 0):
 garbage-first heap   total 189440K, used 100122K [0x0000000080000000, 0x0000000100000000)
  region size 1024K, 6 young (6144K), 6 survivors (6144K)
 Metaspace       used 70159K, capacity 72029K, committed 72168K, reserved 1112064K
  class space    used 8892K, capacity 9575K, committed 9600K, reserved 1048576K
}
Event: 10.744 GC heap before
{Heap before GC invocations=28 (full 0):
 garbage-first heap   total 189440K, used 141082K [0x0000000080000000, 0x0000000100000000)
  region size 1024K, 45 young (46080K), 6 survivors (6144K)
 Metaspace       used 71408K, capacity 73397K, committed 73704K, reserved 1114112K
  class space    used 9068K, capacity 9766K, committed 9856K, reserved 1048576K
}
Event: 10.754 GC heap after
{Heap after GC invocations=29 (full 0):
 garbage-first heap   total 189440K, used 102839K [0x0000000080000000, 0x0000000100000000)
  region size 1024K, 5 young (5120K), 5 survivors (5120K)
 Metaspace       used 71408K, capacity 73397K, committed 73704K, reserved 1114112K
  class space    used 9068K, capacity 9766K, committed 9856K, reserved 1048576K
}
Event: 11.275 GC heap before
{Heap before GC invocations=29 (full 0):
 garbage-first heap   total 189440K, used 143799K [0x0000000080000000, 0x0000000100000000)
  region size 1024K, 45 young (46080K), 5 survivors (5120K)
 Metaspace       used 74425K, capacity 76463K, committed 76776K, reserved 1116160K
  class space    used 9538K, capacity 10256K, committed 10368K, reserved 1048576K
}
Event: 11.288 GC heap after
{Heap after GC invocations=30 (full 0):
 garbage-first heap   total 189440K, used 105871K [0x0000000080000000, 0x0000000100000000)
  region size 1024K, 6 young (6144K), 6 survivors (6144K)
 Metaspace       used 74425K, capacity 76463K, committed 76776K, reserved 1116160K
  class space    used 9538K, capacity 10256K, committed 10368K, reserved 1048576K
}
Event: 11.684 GC heap before
{Heap before GC invocations=31 (full 0):
 garbage-first heap   total 189440K, used 146831K [0x0000000080000000, 0x0000000100000000)
  region size 1024K, 46 young (47104K), 6 survivors (6144K)
 Metaspace       used 77035K, capacity 79116K, committed 79208K, reserved 1118208K
  class space    used 9944K, capacity 10666K, committed 10752K, reserved 1048576K
}

