# JRE version: OpenJDK Runtime Environment (11.0.13) (build 11.0.13+0-b1751.21-8125866)
# Java VM: OpenJDK 64-Bit Server VM (11.0.13+0-b1751.21-8125866, mixed mode, tiered, compressed oops, g1 gc, windows-amd64)
Heap:
 garbage-first heap   total 328704K, used 231034K [0x0000000080000000, 0x0000000100000000)
  region size 1024K, 2 young (2048K), 2 survivors (2048K)
 Metaspace       used 112178K, capacity 115486K, committed 116136K, reserved 1148928K
  class space    used 14708K, capacity 16000K, committed 16236K, reserved 1048576K
GC Heap History (20 events):
Event: 26.501 GC heap after
{Heap after GC invocations=27 (full 0):
 garbage-first heap   total 227328K, used 117010K [0x0000000080000000, 0x0000000100000000)
  region size 1024K, 12 young (12288K), 12 survivors (12288K)
 Metaspace       used 100858K, capacity 103824K, committed 103976K, reserved 1138688K
  class space    used 12956K, capacity 14042K, committed 14060K, reserved 1048576K
}
Event: 27.054 GC heap before
{Heap before GC invocations=28 (full 0):
 garbage-first heap   total 227328K, used 156946K [0x0000000080000000, 0x0000000100000000)
  region size 1024K, 49 young (50176K), 12 survivors (12288K)
 Metaspace       used 103313K, capacity 105986K, committed 106920K, reserved 1142784K
  class space    used 13225K, capacity 14200K, committed 14444K, reserved 1048576K
}
Event: 27.097 GC heap after
{Heap after GC invocations=29 (full 0):
 garbage-first heap   total 227328K, used 126571K [0x0000000080000000, 0x0000000100000000)
  region size 1024K, 6 young (6144K), 6 survivors (6144K)
 Metaspace       used 103313K, capacity 105986K, committed 106920K, reserved 1142784K
  class space    used 13225K, capacity 14200K, committed 14444K, reserved 1048576K
}
Event: 27.471 GC heap before
{Heap before GC invocations=30 (full 0):
 garbage-first heap   total 227328K, used 196203K [0x0000000080000000, 0x0000000100000000)
  region size 1024K, 51 young (52224K), 6 survivors (6144K)
 Metaspace       used 105889K, capacity 108627K, committed 109352K, reserved 1144832K
  class space    used 13596K, capacity 14591K, committed 14828K, reserved 1048576K
}
Event: 27.484 GC heap after
{Heap after GC invocations=31 (full 0):
 garbage-first heap   total 227328K, used 154329K [0x0000000080000000, 0x0000000100000000)
  region size 1024K, 7 young (7168K), 7 survivors (7168K)
 Metaspace       used 105889K, capacity 108627K, committed 109352K, reserved 1144832K
  class space    used 13596K, capacity 14591K, committed 14828K, reserved 1048576K
}
Event: 27.692 GC heap before
{Heap before GC invocations=31 (full 0):
 garbage-first heap   total 227328K, used 185049K [0x0000000080000000, 0x0000000100000000)
  region size 1024K, 38 young (38912K), 7 survivors (7168K)
 Metaspace       used 107102K, capacity 110052K, committed 110248K, reserved 1144832K
  class space    used 13816K, capacity 14922K, committed 14956K, reserved 1048576K
}
Event: 27.723 GC heap after
{Heap after GC invocations=32 (full 0):
 garbage-first heap   total 227328K, used 161533K [0x0000000080000000, 0x0000000100000000)
  region size 1024K, 5 young (5120K), 5 survivors (5120K)
 Metaspace       used 107102K, capacity 110052K, committed 110248K, reserved 1144832K
  class space    used 13816K, capacity 14922K, committed 14956K, reserved 1048576K
}
Event: 28.093 GC heap before
{Heap before GC invocations=32 (full 0):
 garbage-first heap   total 227328K, used 190205K [0x0000000080000000, 0x0000000100000000)
  region size 1024K, 31 young (31744K), 5 survivors (5120K)
 Metaspace       used 108218K, capacity 111171K, committed 111528K, reserved 1146880K
  class space    used 14021K, capacity 15148K, committed 15212K, reserved 1048576K
}
Event: 28.118 GC heap after
{Heap after GC invocations=33 (full 0):
 garbage-first heap   total 273408K, used 169613K [0x0000000080000000, 0x0000000100000000)
  region size 1024K, 4 young (4096K), 4 survivors (4096K)
 Metaspace       used 108218K, capacity 111171K, committed 111528K, reserved 1146880K
  class space    used 14021K, capacity 15148K, committed 15212K, reserved 1048576K
}
Event: 28.343 GC heap before
{Heap before GC invocations=34 (full 0):
 garbage-first heap   total 273408K, used 209549K [0x0000000080000000, 0x0000000100000000)
  region size 1024K, 44 young (45056K), 4 survivors (4096K)
 Metaspace       used 109721K, capacity 112914K, committed 113192K, reserved 1146880K
  class space    used 14303K, capacity 15554K, committed 15596K, reserved 1048576K
}
Event: 28.368 GC heap after
{Heap after GC invocations=35 (full 0):
 garbage-first heap   total 273408K, used 181404K [0x0000000080000000, 0x0000000100000000)
  region size 1024K, 6 young (6144K), 6 survivors (6144K)
 Metaspace       used 109721K, capacity 112914K, committed 113192K, reserved 1146880K
  class space    used 14303K, capacity 15554K, committed 15596K, reserved 1048576K
}
Event: 28.719 GC heap before
{Heap before GC invocations=35 (full 0):
 garbage-first heap   total 273408K, used 217244K [0x0000000080000000, 0x0000000100000000)
  region size 1024K, 42 young (43008K), 6 survivors (6144K)
 Metaspace       used 112259K, capacity 115735K, committed 115880K, reserved 1148928K
  class space    used 14794K, capacity 16147K, committed 16236K, reserved 1048576K
}
Event: 28.752 GC heap after
{Heap after GC invocations=36 (full 0):
 garbage-first heap   total 273408K, used 193947K [0x0000000080000000, 0x0000000100000000)
  region size 1024K, 6 young (6144K), 6 survivors (6144K)
 Metaspace       used 112259K, capacity 115735K, committed 115880K, reserved 1148928K
  class space    used 14794K, capacity 16147K, committed 16236K, reserved 1048576K
}
Event: 28.953 GC heap before
{Heap before GC invocations=36 (full 0):
 garbage-first heap   total 273408K, used 221595K [0x0000000080000000, 0x0000000100000000)
  region size 1024K, 34 young (34816K), 6 survivors (6144K)
 Metaspace       used 112421K, capacity 115853K, committed 116136K, reserved 1148928K
  class space    used 14808K, capacity 16162K, committed 16236K, reserved 1048576K
}
Event: 28.975 GC heap after
{Heap after GC invocations=37 (full 0):
 garbage-first heap   total 273408K, used 208414K [0x0000000080000000, 0x0000000100000000)
  region size 1024K, 5 young (5120K), 5 survivors (5120K)
 Metaspace       used 112421K, capacity 115853K, committed 116136K, reserved 1148928K
  class space    used 14808K, capacity 16162K, committed 16236K, reserved 1048576K
}
Event: 29.032 GC heap before
{Heap before GC invocations=37 (full 0):
 garbage-first heap   total 273408K, used 225822K [0x0000000080000000, 0x0000000100000000)
  region size 1024K, 23 young (23552K), 5 survivors (5120K)
 Metaspace       used 112460K, capacity 115960K, committed 116136K, reserved 1148928K
  class space    used 14816K, capacity 16198K, committed 16236K, reserved 1048576K
}
Event: 29.049 GC heap after
{Heap after GC invocations=38 (full 0):
 garbage-first heap   total 273408K, used 218446K [0x0000000080000000, 0x0000000100000000)
  region size 1024K, 3 young (3072K), 3 survivors (3072K)
 Metaspace       used 112460K, capacity 115960K, committed 116136K, reserved 1148928K
  class space    used 14816K, capacity 16198K, committed 16236K, reserved 1048576K
}
Event: 29.093 GC heap before
{Heap before GC invocations=38 (full 0):
 garbage-first heap   total 273408K, used 231758K [0x0000000080000000, 0x0000000100000000)
  region size 1024K, 16 young (16384K), 3 survivors (3072K)
 Metaspace       used 112490K, capacity 115988K, committed 116136K, reserved 1148928K
  class space    used 14821K, capacity 16207K, committed 16236K, reserved 1048576K
}
Event: 29.104 GC heap after
{Heap after GC invocations=39 (full 0):
 garbage-first heap   total 273408K, used 226139K [0x0000000080000000, 0x0000000100000000)
  region size 1024K, 2 young (2048K), 2 survivors (2048K)
 Metaspace       used 112490K, capacity 115988K, committed 116136K, reserved 1148928K
  class space    used 14821K, capacity 16207K, committed 16236K, reserved 1048576K
}
Event: 29.167 GC heap before
{Heap before GC invocations=39 (full 0):
 garbage-first heap   total 273408K, used 235355K [0x0000000080000000, 0x0000000100000000)
  region size 1024K, 13 young (13312K), 2 survivors (2048K)
 Metaspace       used 112178K, capacity 115486K, committed 116136K, reserved 1148928K
  class space    used 14708K, capacity 16000K, committed 16236K, reserved 1048576K
}

