# JRE version: OpenJDK Runtime Environment (11.0.13) (build 11.0.13+0-b1751.21-8125866)
# Java VM: OpenJDK 64-Bit Server VM (11.0.13+0-b1751.21-8125866, mixed mode, tiered, compressed oops, g1 gc, windows-amd64)
Heap:
 garbage-first heap   total 157696K, used 87127K [0x0000000080000000, 0x0000000100000000)
  region size 1024K, 45 young (46080K), 6 survivors (6144K)
 Metaspace       used 42686K, capacity 43831K, committed 44136K, reserved 1087488K
  class space    used 5416K, capacity 5837K, committed 5888K, reserved 1048576K
GC Heap History (16 events):
Event: 0.768 GC heap before
{Heap before GC invocations=0 (full 0):
 garbage-first heap   total 131072K, used 29696K [0x0000000080000000, 0x0000000100000000)
  region size 1024K, 24 young (24576K), 0 survivors (0K)
 Metaspace       used 10239K, capacity 10495K, committed 10624K, reserved 1058816K
  class space    used 1053K, capacity 1141K, committed 1152K, reserved 1048576K
}
Event: 0.773 GC heap after
{Heap after GC invocations=1 (full 0):
 garbage-first heap   total 131072K, used 9494K [0x0000000080000000, 0x0000000100000000)
  region size 1024K, 3 young (3072K), 3 survivors (3072K)
 Metaspace       used 10239K, capacity 10495K, committed 10624K, reserved 1058816K
  class space    used 1053K, capacity 1141K, committed 1152K, reserved 1048576K
}
Event: 2.349 GC heap before
{Heap before GC invocations=1 (full 0):
 garbage-first heap   total 131072K, used 84246K [0x0000000080000000, 0x0000000100000000)
  region size 1024K, 76 young (77824K), 3 survivors (3072K)
 Metaspace       used 17871K, capacity 18269K, committed 18432K, reserved 1064960K
  class space    used 2084K, capacity 2236K, committed 2304K, reserved 1048576K
}
Event: 2.354 GC heap after
{Heap after GC invocations=2 (full 0):
 garbage-first heap   total 131072K, used 17062K [0x0000000080000000, 0x0000000100000000)
  region size 1024K, 10 young (10240K), 10 survivors (10240K)
 Metaspace       used 17871K, capacity 18269K, committed 18432K, reserved 1064960K
  class space    used 2084K, capacity 2236K, committed 2304K, reserved 1048576K
}
Event: 2.586 GC heap before
{Heap before GC invocations=2 (full 0):
 garbage-first heap   total 131072K, used 39590K [0x0000000080000000, 0x0000000100000000)
  region size 1024K, 32 young (32768K), 10 survivors (10240K)
 Metaspace       used 20365K, capacity 20851K, committed 21120K, reserved 1067008K
  class space    used 2456K, capacity 2606K, committed 2688K, reserved 1048576K
}
Event: 2.593 GC heap after
{Heap after GC invocations=3 (full 0):
 garbage-first heap   total 131072K, used 17444K [0x0000000080000000, 0x0000000100000000)
  region size 1024K, 1 young (1024K), 1 survivors (1024K)
 Metaspace       used 20365K, capacity 20851K, committed 21120K, reserved 1067008K
  class space    used 2456K, capacity 2606K, committed 2688K, reserved 1048576K
}
Event: 2.649 GC heap before
{Heap before GC invocations=3 (full 0):
 garbage-first heap   total 131072K, used 19492K [0x0000000080000000, 0x0000000100000000)
  region size 1024K, 4 young (4096K), 1 survivors (1024K)
 Metaspace       used 20734K, capacity 21186K, committed 21296K, reserved 1069056K
  class space    used 2511K, capacity 2676K, committed 2688K, reserved 1048576K
}
Event: 2.651 GC heap after
{Heap after GC invocations=4 (full 0):
 garbage-first heap   total 131072K, used 17354K [0x0000000080000000, 0x0000000100000000)
  region size 1024K, 1 young (1024K), 1 survivors (1024K)
 Metaspace       used 20734K, capacity 21186K, committed 21296K, reserved 1069056K
  class space    used 2511K, capacity 2676K, committed 2688K, reserved 1048576K
}
Event: 3.149 GC heap before
{Heap before GC invocations=5 (full 0):
 garbage-first heap   total 131072K, used 61386K [0x0000000080000000, 0x0000000100000000)
  region size 1024K, 44 young (45056K), 1 survivors (1024K)
 Metaspace       used 25149K, capacity 25757K, committed 25904K, reserved 1071104K
  class space    used 3204K, capacity 3417K, committed 3456K, reserved 1048576K
}
Event: 3.154 GC heap after
{Heap after GC invocations=6 (full 0):
 garbage-first heap   total 131072K, used 19008K [0x0000000080000000, 0x0000000100000000)
  region size 1024K, 3 young (3072K), 3 survivors (3072K)
 Metaspace       used 25149K, capacity 25757K, committed 25904K, reserved 1071104K
  class space    used 3204K, capacity 3417K, committed 3456K, reserved 1048576K
}
Event: 3.976 GC heap before
{Heap before GC invocations=6 (full 0):
 garbage-first heap   total 131072K, used 85568K [0x0000000080000000, 0x0000000100000000)
  region size 1024K, 50 young (51200K), 3 survivors (3072K)
 Metaspace       used 29141K, capacity 29999K, committed 30256K, reserved 1075200K
  class space    used 3842K, capacity 4146K, committed 4224K, reserved 1048576K
}
Event: 3.984 GC heap after
{Heap after GC invocations=7 (full 0):
 garbage-first heap   total 131072K, used 43251K [0x0000000080000000, 0x0000000100000000)
  region size 1024K, 7 young (7168K), 7 survivors (7168K)
 Metaspace       used 29141K, capacity 29999K, committed 30256K, reserved 1075200K
  class space    used 3842K, capacity 4146K, committed 4224K, reserved 1048576K
}
Event: 4.752 GC heap before
{Heap before GC invocations=7 (full 0):
 garbage-first heap   total 131072K, used 77043K [0x0000000080000000, 0x0000000100000000)
  region size 1024K, 41 young (41984K), 7 survivors (7168K)
 Metaspace       used 34760K, capacity 35747K, committed 35888K, reserved 1081344K
  class space    used 4503K, capacity 4893K, committed 4992K, reserved 1048576K
}
Event: 4.765 GC heap after
{Heap after GC invocations=8 (full 0):
 garbage-first heap   total 131072K, used 45584K [0x0000000080000000, 0x0000000100000000)
  region size 1024K, 3 young (3072K), 3 survivors (3072K)
 Metaspace       used 34760K, capacity 35747K, committed 35888K, reserved 1081344K
  class space    used 4503K, capacity 4893K, committed 4992K, reserved 1048576K
}
Event: 5.326 GC heap before
{Heap before GC invocations=9 (full 0):
 garbage-first heap   total 131072K, used 87568K [0x0000000080000000, 0x0000000100000000)
  region size 1024K, 42 young (43008K), 3 survivors (3072K)
 Metaspace       used 39386K, capacity 40441K, committed 40552K, reserved 1085440K
  class space    used 4958K, capacity 5367K, committed 5376K, reserved 1048576K
}
Event: 5.337 GC heap after
{Heap after GC invocations=10 (full 0):
 garbage-first heap   total 157696K, used 49239K [0x0000000080000000, 0x0000000100000000)
  region size 1024K, 6 young (6144K), 6 survivors (6144K)
 Metaspace       used 39386K, capacity 40441K, committed 40552K, reserved 1085440K
  class space    used 4958K, capacity 5367K, committed 5376K, reserved 1048576K
}

