# JRE version: OpenJDK Runtime Environment (11.0.13) (build 11.0.13+0-b1751.21-8125866)
# Java VM: OpenJDK 64-Bit Server VM (11.0.13+0-b1751.21-8125866, mixed mode, tiered, compressed oops, g1 gc, windows-amd64)
Heap:
 garbage-first heap   total 189440K, used 101013K [0x0000000080000000, 0x0000000100000000)
  region size 1024K, 8 young (8192K), 2 survivors (2048K)
 Metaspace       used 70652K, capacity 72520K, committed 72808K, reserved 1112064K
  class space    used 8944K, capacity 9607K, committed 9728K, reserved 1048576K
GC Heap History (20 events):
Event: 6.697 GC heap before
{Heap before GC invocations=11 (full 0):
 garbage-first heap   total 131072K, used 89394K [0x0000000080000000, 0x0000000100000000)
  region size 1024K, 47 young (48128K), 6 survivors (6144K)
 Metaspace       used 42788K, capacity 43898K, committed 44136K, reserved 1087488K
  class space    used 5429K, capacity 5852K, committed 5888K, reserved 1048576K
}
Event: 6.707 GC heap after
{Heap after GC invocations=12 (full 0):
 garbage-first heap   total 131072K, used 51204K [0x0000000080000000, 0x0000000100000000)
  region size 1024K, 4 young (4096K), 4 survivors (4096K)
 Metaspace       used 42788K, capacity 43898K, committed 44136K, reserved 1087488K
  class space    used 5429K, capacity 5852K, committed 5888K, reserved 1048576K
}
Event: 7.206 GC heap before
{Heap before GC invocations=12 (full 0):
 garbage-first heap   total 131072K, used 101380K [0x0000000080000000, 0x0000000100000000)
  region size 1024K, 44 young (45056K), 4 survivors (4096K)
 Metaspace       used 45398K, capacity 46554K, committed 46696K, reserved 1089536K
  class space    used 5654K, capacity 6092K, committed 6144K, reserved 1048576K
}
Event: 7.213 GC heap after
{Heap after GC invocations=13 (full 0):
 garbage-first heap   total 157696K, used 62657K [0x0000000080000000, 0x0000000100000000)
  region size 1024K, 6 young (6144K), 6 survivors (6144K)
 Metaspace       used 45398K, capacity 46554K, committed 46696K, reserved 1089536K
  class space    used 5654K, capacity 6092K, committed 6144K, reserved 1048576K
}
Event: 7.960 GC heap before
{Heap before GC invocations=13 (full 0):
 garbage-first heap   total 157696K, used 116929K [0x0000000080000000, 0x0000000100000000)
  region size 1024K, 54 young (55296K), 6 survivors (6144K)
 Metaspace       used 48541K, capacity 49977K, committed 50152K, reserved 1093632K
  class space    used 6178K, capacity 6679K, committed 6784K, reserved 1048576K
}
Event: 7.969 GC heap after
{Heap after GC invocations=14 (full 0):
 garbage-first heap   total 157696K, used 71898K [0x0000000080000000, 0x0000000100000000)
  region size 1024K, 7 young (7168K), 7 survivors (7168K)
 Metaspace       used 48541K, capacity 49977K, committed 50152K, reserved 1093632K
  class space    used 6178K, capacity 6679K, committed 6784K, reserved 1048576K
}
Event: 8.669 GC heap before
{Heap before GC invocations=14 (full 0):
 garbage-first heap   total 157696K, used 120026K [0x0000000080000000, 0x0000000100000000)
  region size 1024K, 52 young (53248K), 7 survivors (7168K)
 Metaspace       used 50462K, capacity 52038K, committed 52072K, reserved 1095680K
  class space    used 6392K, capacity 6909K, committed 6912K, reserved 1048576K
}
Event: 8.678 GC heap after
{Heap after GC invocations=15 (full 0):
 garbage-first heap   total 157696K, used 77783K [0x0000000080000000, 0x0000000100000000)
  region size 1024K, 7 young (7168K), 7 survivors (7168K)
 Metaspace       used 50462K, capacity 52038K, committed 52072K, reserved 1095680K
  class space    used 6392K, capacity 6909K, committed 6912K, reserved 1048576K
}
Event: 8.741 GC heap before
{Heap before GC invocations=15 (full 0):
 garbage-first heap   total 157696K, used 81879K [0x0000000080000000, 0x0000000100000000)
  region size 1024K, 13 young (13312K), 7 survivors (7168K)
 Metaspace       used 50465K, capacity 52038K, committed 52072K, reserved 1095680K
  class space    used 6392K, capacity 6909K, committed 6912K, reserved 1048576K
}
Event: 8.755 GC heap after
{Heap after GC invocations=16 (full 0):
 garbage-first heap   total 157696K, used 81317K [0x0000000080000000, 0x0000000100000000)
  region size 1024K, 7 young (7168K), 7 survivors (7168K)
 Metaspace       used 50465K, capacity 52038K, committed 52072K, reserved 1095680K
  class space    used 6392K, capacity 6909K, committed 6912K, reserved 1048576K
}
Event: 9.356 GC heap before
{Heap before GC invocations=17 (full 0):
 garbage-first heap   total 157696K, used 124325K [0x0000000080000000, 0x0000000100000000)
  region size 1024K, 47 young (48128K), 7 survivors (7168K)
 Metaspace       used 53839K, capacity 55457K, committed 55784K, reserved 1097728K
  class space    used 6924K, capacity 7475K, committed 7552K, reserved 1048576K
}
Event: 9.362 GC heap after
{Heap after GC invocations=18 (full 0):
 garbage-first heap   total 157696K, used 86504K [0x0000000080000000, 0x0000000100000000)
  region size 1024K, 4 young (4096K), 4 survivors (4096K)
 Metaspace       used 53839K, capacity 55457K, committed 55784K, reserved 1097728K
  class space    used 6924K, capacity 7475K, committed 7552K, reserved 1048576K
}
Event: 10.033 GC heap before
{Heap before GC invocations=18 (full 0):
 garbage-first heap   total 157696K, used 125416K [0x0000000080000000, 0x0000000100000000)
  region size 1024K, 42 young (43008K), 4 survivors (4096K)
 Metaspace       used 59116K, capacity 60888K, committed 61032K, reserved 1101824K
  class space    used 7538K, capacity 8152K, committed 8192K, reserved 1048576K
}
Event: 10.038 GC heap after
{Heap after GC invocations=19 (full 0):
 garbage-first heap   total 157696K, used 88291K [0x0000000080000000, 0x0000000100000000)
  region size 1024K, 5 young (5120K), 5 survivors (5120K)
 Metaspace       used 59116K, capacity 60888K, committed 61032K, reserved 1101824K
  class space    used 7538K, capacity 8152K, committed 8192K, reserved 1048576K
}
Event: 10.755 GC heap before
{Heap before GC invocations=20 (full 0):
 garbage-first heap   total 157696K, used 128227K [0x0000000080000000, 0x0000000100000000)
  region size 1024K, 44 young (45056K), 5 survivors (5120K)
 Metaspace       used 64992K, capacity 66790K, committed 66920K, reserved 1107968K
  class space    used 8261K, capacity 8900K, committed 8960K, reserved 1048576K
}
Event: 10.763 GC heap after
{Heap after GC invocations=21 (full 0):
 garbage-first heap   total 157696K, used 89814K [0x0000000080000000, 0x0000000100000000)
  region size 1024K, 4 young (4096K), 4 survivors (4096K)
 Metaspace       used 64992K, capacity 66790K, committed 66920K, reserved 1107968K
  class space    used 8261K, capacity 8900K, committed 8960K, reserved 1048576K
}
Event: 11.351 GC heap before
{Heap before GC invocations=21 (full 0):
 garbage-first heap   total 157696K, used 127702K [0x0000000080000000, 0x0000000100000000)
  region size 1024K, 42 young (43008K), 4 survivors (4096K)
 Metaspace       used 68907K, capacity 70767K, committed 71016K, reserved 1112064K
  class space    used 8722K, capacity 9369K, committed 9472K, reserved 1048576K
}
Event: 11.364 GC heap after
{Heap after GC invocations=22 (full 0):
 garbage-first heap   total 157696K, used 93353K [0x0000000080000000, 0x0000000100000000)
  region size 1024K, 6 young (6144K), 6 survivors (6144K)
 Metaspace       used 68907K, capacity 70767K, committed 71016K, reserved 1112064K
  class space    used 8722K, capacity 9369K, committed 9472K, reserved 1048576K
}
Event: 11.578 GC heap before
{Heap before GC invocations=23 (full 0):
 garbage-first heap   total 157696K, used 107689K [0x0000000080000000, 0x0000000100000000)
  region size 1024K, 21 young (21504K), 6 survivors (6144K)
 Metaspace       used 70188K, capacity 72028K, committed 72168K, reserved 1112064K
  class space    used 8894K, capacity 9575K, committed 9600K, reserved 1048576K
}
Event: 11.587 GC heap after
{Heap after GC invocations=24 (full 0):
 garbage-first heap   total 189440K, used 94869K [0x0000000080000000, 0x0000000100000000)
  region size 1024K, 2 young (2048K), 2 survivors (2048K)
 Metaspace       used 70188K, capacity 72028K, committed 72168K, reserved 1112064K
  class space    used 8894K, capacity 9575K, committed 9600K, reserved 1048576K
}

