# JRE version: OpenJDK Runtime Environment (11.0.13) (build 11.0.13+0-b1751.21-8125866)
# Java VM: OpenJDK 64-Bit Server VM (11.0.13+0-b1751.21-8125866, mixed mode, tiered, compressed oops, g1 gc, windows-amd64)
Heap:
 garbage-first heap   total 227328K, used 158693K [0x0000000080000000, 0x0000000100000000)
  region size 1024K, 39 young (39936K), 5 survivors (5120K)
 Metaspace       used 76073K, capacity 78209K, committed 78340K, reserved 1118208K
  class space    used 9897K, capacity 10649K, committed 10752K, reserved 1048576K
GC Heap History (20 events):
Event: 6.105 GC heap before
{Heap before GC invocations=12 (full 0):
 garbage-first heap   total 157696K, used 107202K [0x0000000080000000, 0x0000000100000000)
  region size 1024K, 50 young (51200K), 7 survivors (7168K)
 Metaspace       used 45594K, capacity 46873K, committed 47080K, reserved 1089536K
  class space    used 5693K, capacity 6156K, committed 6272K, reserved 1048576K
}
Event: 6.114 GC heap after
{Heap after GC invocations=13 (full 0):
 garbage-first heap   total 157696K, used 66421K [0x0000000080000000, 0x0000000100000000)
  region size 1024K, 4 young (4096K), 4 survivors (4096K)
 Metaspace       used 45594K, capacity 46873K, committed 47080K, reserved 1089536K
  class space    used 5693K, capacity 6156K, committed 6272K, reserved 1048576K
}
Event: 6.800 GC heap before
{Heap before GC invocations=13 (full 0):
 garbage-first heap   total 157696K, used 115573K [0x0000000080000000, 0x0000000100000000)
  region size 1024K, 47 young (48128K), 4 survivors (4096K)
 Metaspace       used 48477K, capacity 49874K, committed 50024K, reserved 1093632K
  class space    used 6171K, capacity 6646K, committed 6656K, reserved 1048576K
}
Event: 6.809 GC heap after
{Heap after GC invocations=14 (full 0):
 garbage-first heap   total 157696K, used 74586K [0x0000000080000000, 0x0000000100000000)
  region size 1024K, 6 young (6144K), 6 survivors (6144K)
 Metaspace       used 48477K, capacity 49874K, committed 50024K, reserved 1093632K
  class space    used 6171K, capacity 6646K, committed 6656K, reserved 1048576K
}
Event: 7.575 GC heap before
{Heap before GC invocations=14 (full 0):
 garbage-first heap   total 157696K, used 116570K [0x0000000080000000, 0x0000000100000000)
  region size 1024K, 48 young (49152K), 6 survivors (6144K)
 Metaspace       used 50312K, capacity 51865K, committed 52072K, reserved 1095680K
  class space    used 6362K, capacity 6874K, committed 6912K, reserved 1048576K
}
Event: 7.586 GC heap after
{Heap after GC invocations=15 (full 0):
 garbage-first heap   total 189440K, used 76580K [0x0000000080000000, 0x0000000100000000)
  region size 1024K, 2 young (2048K), 2 survivors (2048K)
 Metaspace       used 50312K, capacity 51865K, committed 52072K, reserved 1095680K
  class space    used 6362K, capacity 6874K, committed 6912K, reserved 1048576K
}
Event: 8.845 GC heap before
{Heap before GC invocations=15 (full 0):
 garbage-first heap   total 189440K, used 135972K [0x0000000080000000, 0x0000000100000000)
  region size 1024K, 55 young (56320K), 2 survivors (2048K)
 Metaspace       used 56009K, capacity 57639K, committed 57704K, reserved 1099776K
  class space    used 7103K, capacity 7664K, committed 7680K, reserved 1048576K
}
Event: 8.852 GC heap after
{Heap after GC invocations=16 (full 0):
 garbage-first heap   total 189440K, used 88693K [0x0000000080000000, 0x0000000100000000)
  region size 1024K, 7 young (7168K), 7 survivors (7168K)
 Metaspace       used 56009K, capacity 57639K, committed 57704K, reserved 1099776K
  class space    used 7103K, capacity 7664K, committed 7680K, reserved 1048576K
}
Event: 9.650 GC heap before
{Heap before GC invocations=16 (full 0):
 garbage-first heap   total 189440K, used 138869K [0x0000000080000000, 0x0000000100000000)
  region size 1024K, 57 young (58368K), 7 survivors (7168K)
 Metaspace       used 62883K, capacity 64578K, committed 64744K, reserved 1105920K
  class space    used 7903K, capacity 8522K, committed 8576K, reserved 1048576K
}
Event: 9.656 GC heap after
{Heap after GC invocations=17 (full 0):
 garbage-first heap   total 189440K, used 92957K [0x0000000080000000, 0x0000000100000000)
  region size 1024K, 4 young (4096K), 4 survivors (4096K)
 Metaspace       used 62883K, capacity 64578K, committed 64744K, reserved 1105920K
  class space    used 7903K, capacity 8522K, committed 8576K, reserved 1048576K
}
Event: 10.023 GC heap before
{Heap before GC invocations=17 (full 0):
 garbage-first heap   total 189440K, used 121629K [0x0000000080000000, 0x0000000100000000)
  region size 1024K, 33 young (33792K), 4 survivors (4096K)
 Metaspace       used 65516K, capacity 67301K, committed 67432K, reserved 1107968K
  class space    used 8240K, capacity 8892K, committed 8960K, reserved 1048576K
}
Event: 10.029 GC heap after
{Heap after GC invocations=18 (full 0):
 garbage-first heap   total 189440K, used 95187K [0x0000000080000000, 0x0000000100000000)
  region size 1024K, 3 young (3072K), 3 survivors (3072K)
 Metaspace       used 65516K, capacity 67301K, committed 67432K, reserved 1107968K
  class space    used 8240K, capacity 8892K, committed 8960K, reserved 1048576K
}
Event: 10.450 GC heap before
{Heap before GC invocations=19 (full 0):
 garbage-first heap   total 189440K, used 143315K [0x0000000080000000, 0x0000000100000000)
  region size 1024K, 49 young (50176K), 3 survivors (3072K)
 Metaspace       used 66355K, capacity 68156K, committed 68484K, reserved 1110016K
  class space    used 8366K, capacity 8998K, committed 9088K, reserved 1048576K
}
Event: 10.462 GC heap after
{Heap after GC invocations=20 (full 0):
 garbage-first heap   total 189440K, used 98244K [0x0000000080000000, 0x0000000100000000)
  region size 1024K, 6 young (6144K), 6 survivors (6144K)
 Metaspace       used 66355K, capacity 68156K, committed 68484K, reserved 1110016K
  class space    used 8366K, capacity 8998K, committed 9088K, reserved 1048576K
}
Event: 12.001 GC heap before
{Heap before GC invocations=21 (full 0):
 garbage-first heap   total 189440K, used 145348K [0x0000000080000000, 0x0000000100000000)
  region size 1024K, 52 young (53248K), 6 survivors (6144K)
 Metaspace       used 71478K, capacity 73288K, committed 73348K, reserved 1114112K
  class space    used 9181K, capacity 9832K, committed 9856K, reserved 1048576K
}
Event: 12.018 GC heap after
{Heap after GC invocations=22 (full 0):
 garbage-first heap   total 189440K, used 101668K [0x0000000080000000, 0x0000000100000000)
  region size 1024K, 7 young (7168K), 7 survivors (7168K)
 Metaspace       used 71478K, capacity 73288K, committed 73348K, reserved 1114112K
  class space    used 9181K, capacity 9832K, committed 9856K, reserved 1048576K
}
Event: 12.703 GC heap before
{Heap before GC invocations=22 (full 0):
 garbage-first heap   total 189440K, used 148772K [0x0000000080000000, 0x0000000100000000)
  region size 1024K, 53 young (54272K), 7 survivors (7168K)
 Metaspace       used 72700K, capacity 74545K, committed 74628K, reserved 1114112K
  class space    used 9379K, capacity 10057K, committed 10112K, reserved 1048576K
}
Event: 12.719 GC heap after
{Heap after GC invocations=23 (full 0):
 garbage-first heap   total 189440K, used 105296K [0x0000000080000000, 0x0000000100000000)
  region size 1024K, 7 young (7168K), 7 survivors (7168K)
 Metaspace       used 72700K, capacity 74545K, committed 74628K, reserved 1114112K
  class space    used 9379K, capacity 10057K, committed 10112K, reserved 1048576K
}
Event: 13.071 GC heap before
{Heap before GC invocations=24 (full 0):
 garbage-first heap   total 189440K, used 118608K [0x0000000080000000, 0x0000000100000000)
  region size 1024K, 21 young (21504K), 7 survivors (7168K)
 Metaspace       used 74083K, capacity 76043K, committed 76164K, reserved 1116160K
  class space    used 9583K, capacity 10260K, committed 10368K, reserved 1048576K
}
Event: 13.084 GC heap after
{Heap after GC invocations=25 (full 0):
 garbage-first heap   total 227328K, used 106469K [0x0000000080000000, 0x0000000100000000)
  region size 1024K, 5 young (5120K), 5 survivors (5120K)
 Metaspace       used 74083K, capacity 76043K, committed 76164K, reserved 1116160K
  class space    used 9583K, capacity 10260K, committed 10368K, reserved 1048576K
}

