# JRE version: OpenJDK Runtime Environment (11.0.13) (build 11.0.13+0-b1751.21-8125866)
# Java VM: OpenJDK 64-Bit Server VM (11.0.13+0-b1751.21-8125866, mixed mode, tiered, compressed oops, g1 gc, windows-amd64)
Heap:
 garbage-first heap   total 377856K, used 229376K [0x0000000080000000, 0x0000000100000000)
  region size 1024K, 3 young (3072K), 3 survivors (3072K)
 Metaspace       used 96425K, capacity 99494K, committed 99664K, reserved 1134592K
  class space    used 12877K, capacity 14079K, committed 14080K, reserved 1048576K
GC Heap History (20 events):
Event: 13.248 GC heap after
{Heap after GC invocations=19 (full 0):
 garbage-first heap   total 227328K, used 75467K [0x0000000080000000, 0x0000000100000000)
  region size 1024K, 6 young (6144K), 6 survivors (6144K)
 Metaspace       used 82115K, capacity 84535K, committed 84688K, reserved 1122304K
  class space    used 10723K, capacity 11606K, committed 11648K, reserved 1048576K
}
Event: 14.079 GC heap before
{Heap before GC invocations=19 (full 0):
 garbage-first heap   total 227328K, used 166603K [0x0000000080000000, 0x0000000100000000)
  region size 1024K, 96 young (98304K), 6 survivors (6144K)
 Metaspace       used 83017K, capacity 85497K, committed 85584K, reserved 1124352K
  class space    used 10795K, capacity 11705K, committed 11776K, reserved 1048576K
}
Event: 14.094 GC heap after
{Heap after GC invocations=20 (full 0):
 garbage-first heap   total 227328K, used 82112K [0x0000000080000000, 0x0000000100000000)
  region size 1024K, 12 young (12288K), 12 survivors (12288K)
 Metaspace       used 83017K, capacity 85497K, committed 85584K, reserved 1124352K
  class space    used 10795K, capacity 11705K, committed 11776K, reserved 1048576K
}
Event: 14.871 GC heap before
{Heap before GC invocations=20 (full 0):
 garbage-first heap   total 227328K, used 173248K [0x0000000080000000, 0x0000000100000000)
  region size 1024K, 102 young (104448K), 12 survivors (12288K)
 Metaspace       used 84883K, capacity 87396K, committed 87632K, reserved 1124352K
  class space    used 10990K, capacity 11951K, committed 12032K, reserved 1048576K
}
Event: 14.889 GC heap after
{Heap after GC invocations=21 (full 0):
 garbage-first heap   total 227328K, used 87641K [0x0000000080000000, 0x0000000100000000)
  region size 1024K, 6 young (6144K), 6 survivors (6144K)
 Metaspace       used 84883K, capacity 87396K, committed 87632K, reserved 1124352K
  class space    used 10990K, capacity 11951K, committed 12032K, reserved 1048576K
}
Event: 15.240 GC heap before
{Heap before GC invocations=21 (full 0):
 garbage-first heap   total 227328K, used 138841K [0x0000000080000000, 0x0000000100000000)
  region size 1024K, 38 young (38912K), 6 survivors (6144K)
 Metaspace       used 88360K, capacity 91101K, committed 91216K, reserved 1128448K
  class space    used 11494K, capacity 12495K, committed 12544K, reserved 1048576K
}
Event: 15.255 GC heap after
{Heap after GC invocations=22 (full 0):
 garbage-first heap   total 227328K, used 113530K [0x0000000080000000, 0x0000000100000000)
  region size 1024K, 12 young (12288K), 12 survivors (12288K)
 Metaspace       used 88360K, capacity 91101K, committed 91216K, reserved 1128448K
  class space    used 11494K, capacity 12495K, committed 12544K, reserved 1048576K
}
Event: 15.685 GC heap before
{Heap before GC invocations=23 (full 0):
 garbage-first heap   total 227328K, used 187258K [0x0000000080000000, 0x0000000100000000)
  region size 1024K, 70 young (71680K), 12 survivors (12288K)
 Metaspace       used 90705K, capacity 93224K, committed 93904K, reserved 1130496K
  class space    used 11751K, capacity 12669K, committed 12928K, reserved 1048576K
}
Event: 15.743 GC heap after
{Heap after GC invocations=24 (full 0):
 garbage-first heap   total 227328K, used 142653K [0x0000000080000000, 0x0000000100000000)
  region size 1024K, 10 young (10240K), 10 survivors (10240K)
 Metaspace       used 90705K, capacity 93224K, committed 93904K, reserved 1130496K
  class space    used 11751K, capacity 12669K, committed 12928K, reserved 1048576K
}
Event: 15.976 GC heap before
{Heap before GC invocations=24 (full 0):
 garbage-first heap   total 227328K, used 183613K [0x0000000080000000, 0x0000000100000000)
  region size 1024K, 48 young (49152K), 10 survivors (10240K)
 Metaspace       used 92530K, capacity 95288K, committed 95440K, reserved 1132544K
  class space    used 12132K, capacity 13176K, committed 13184K, reserved 1048576K
}
Event: 16.008 GC heap after
{Heap after GC invocations=25 (full 0):
 garbage-first heap   total 227328K, used 156672K [0x0000000080000000, 0x0000000100000000)
  region size 1024K, 6 young (6144K), 6 survivors (6144K)
 Metaspace       used 92530K, capacity 95288K, committed 95440K, reserved 1132544K
  class space    used 12132K, capacity 13176K, committed 13184K, reserved 1048576K
}
Event: 16.323 GC heap before
{Heap before GC invocations=26 (full 0):
 garbage-first heap   total 227328K, used 183296K [0x0000000080000000, 0x0000000100000000)
  region size 1024K, 33 young (33792K), 6 survivors (6144K)
 Metaspace       used 95529K, capacity 98593K, committed 98896K, reserved 1134592K
  class space    used 12771K, capacity 13953K, committed 14080K, reserved 1048576K
}
Event: 16.348 GC heap after
{Heap after GC invocations=27 (full 0):
 garbage-first heap   total 289792K, used 164754K [0x0000000080000000, 0x0000000100000000)
  region size 1024K, 5 young (5120K), 5 survivors (5120K)
 Metaspace       used 95529K, capacity 98593K, committed 98896K, reserved 1134592K
  class space    used 12771K, capacity 13953K, committed 14080K, reserved 1048576K
}
Event: 16.681 GC heap before
{Heap before GC invocations=27 (full 0):
 garbage-first heap   total 289792K, used 211858K [0x0000000080000000, 0x0000000100000000)
  region size 1024K, 52 young (53248K), 5 survivors (5120K)
 Metaspace       used 96006K, capacity 99065K, committed 99152K, reserved 1134592K
  class space    used 12826K, capacity 14022K, committed 14080K, reserved 1048576K
}
Event: 16.712 GC heap after
{Heap after GC invocations=28 (full 0):
 garbage-first heap   total 289792K, used 185569K [0x0000000080000000, 0x0000000100000000)
  region size 1024K, 7 young (7168K), 7 survivors (7168K)
 Metaspace       used 96006K, capacity 99065K, committed 99152K, reserved 1134592K
  class space    used 12826K, capacity 14022K, committed 14080K, reserved 1048576K
}
Event: 16.847 GC heap before
{Heap before GC invocations=28 (full 0):
 garbage-first heap   total 289792K, used 222433K [0x0000000080000000, 0x0000000100000000)
  region size 1024K, 44 young (45056K), 7 survivors (7168K)
 Metaspace       used 96141K, capacity 99239K, committed 99408K, reserved 1134592K
  class space    used 12838K, capacity 14037K, committed 14080K, reserved 1048576K
}
Event: 16.873 GC heap after
{Heap after GC invocations=29 (full 0):
 garbage-first heap   total 289792K, used 204800K [0x0000000080000000, 0x0000000100000000)
  region size 1024K, 6 young (6144K), 6 survivors (6144K)
 Metaspace       used 96141K, capacity 99239K, committed 99408K, reserved 1134592K
  class space    used 12838K, capacity 14037K, committed 14080K, reserved 1048576K
}
Event: 16.941 GC heap before
{Heap before GC invocations=29 (full 0):
 garbage-first heap   total 289792K, used 231424K [0x0000000080000000, 0x0000000100000000)
  region size 1024K, 33 young (33792K), 6 survivors (6144K)
 Metaspace       used 96219K, capacity 99315K, committed 99408K, reserved 1134592K
  class space    used 12857K, capacity 14063K, committed 14080K, reserved 1048576K
}
Event: 16.966 GC heap after
{Heap after GC invocations=30 (full 0):
 garbage-first heap   total 289792K, used 219580K [0x0000000080000000, 0x0000000100000000)
  region size 1024K, 5 young (5120K), 5 survivors (5120K)
 Metaspace       used 96219K, capacity 99315K, committed 99408K, reserved 1134592K
  class space    used 12857K, capacity 14063K, committed 14080K, reserved 1048576K
}
Event: 17.042 GC heap before
{Heap before GC invocations=30 (full 0):
 garbage-first heap   total 289792K, used 238012K [0x0000000080000000, 0x0000000100000000)
  region size 1024K, 24 young (24576K), 5 survivors (5120K)
 Metaspace       used 96425K, capacity 99494K, committed 99664K, reserved 1134592K
  class space    used 12877K, capacity 14079K, committed 14080K, reserved 1048576K
}

