# JRE version: OpenJDK Runtime Environment (11.0.13) (build 11.0.13+0-b1751.21-8125866)
# Java VM: OpenJDK 64-Bit Server VM (11.0.13+0-b1751.21-8125866, mixed mode, tiered, compressed oops, g1 gc, windows-amd64)
Heap:
 garbage-first heap   total 189440K, used 136891K [0x0000000080000000, 0x0000000100000000)
  region size 1024K, 60 young (61440K), 3 survivors (3072K)
 Metaspace       used 55404K, capacity 57005K, committed 57192K, reserved 1099776K
  class space    used 7078K, capacity 7627K, committed 7680K, reserved 1048576K
GC Heap History (20 events):
Event: 2.395 GC heap before
{Heap before GC invocations=2 (full 0):
 garbage-first heap   total 131072K, used 63231K [0x0000000080000000, 0x0000000100000000)
  region size 1024K, 53 young (54272K), 1 survivors (1024K)
 Metaspace       used 17874K, capacity 18269K, committed 18432K, reserved 1064960K
  class space    used 2080K, capacity 2236K, committed 2304K, reserved 1048576K
}
Event: 2.399 GC heap after
{Heap after GC invocations=3 (full 0):
 garbage-first heap   total 131072K, used 16201K [0x0000000080000000, 0x0000000100000000)
  region size 1024K, 7 young (7168K), 7 survivors (7168K)
 Metaspace       used 17874K, capacity 18269K, committed 18432K, reserved 1064960K
  class space    used 2080K, capacity 2236K, committed 2304K, reserved 1048576K
}
Event: 2.746 GC heap before
{Heap before GC invocations=3 (full 0):
 garbage-first heap   total 131072K, used 40777K [0x0000000080000000, 0x0000000100000000)
  region size 1024K, 32 young (32768K), 7 survivors (7168K)
 Metaspace       used 20731K, capacity 21186K, committed 21296K, reserved 1069056K
  class space    used 2508K, capacity 2676K, committed 2688K, reserved 1048576K
}
Event: 2.759 GC heap after
{Heap after GC invocations=4 (full 0):
 garbage-first heap   total 131072K, used 17521K [0x0000000080000000, 0x0000000100000000)
  region size 1024K, 2 young (2048K), 2 survivors (2048K)
 Metaspace       used 20731K, capacity 21186K, committed 21296K, reserved 1069056K
  class space    used 2508K, capacity 2676K, committed 2688K, reserved 1048576K
}
Event: 3.497 GC heap before
{Heap before GC invocations=5 (full 0):
 garbage-first heap   total 131072K, used 70769K [0x0000000080000000, 0x0000000100000000)
  region size 1024K, 55 young (56320K), 2 survivors (2048K)
 Metaspace       used 26508K, capacity 27189K, committed 27440K, reserved 1073152K
  class space    used 3428K, capacity 3642K, committed 3712K, reserved 1048576K
}
Event: 3.503 GC heap after
{Heap after GC invocations=6 (full 0):
 garbage-first heap   total 131072K, used 19707K [0x0000000080000000, 0x0000000100000000)
  region size 1024K, 4 young (4096K), 4 survivors (4096K)
 Metaspace       used 26508K, capacity 27189K, committed 27440K, reserved 1073152K
  class space    used 3428K, capacity 3642K, committed 3712K, reserved 1048576K
}
Event: 4.430 GC heap before
{Heap before GC invocations=6 (full 0):
 garbage-first heap   total 131072K, used 99579K [0x0000000080000000, 0x0000000100000000)
  region size 1024K, 69 young (70656K), 4 survivors (4096K)
 Metaspace       used 33004K, capacity 33940K, committed 34224K, reserved 1079296K
  class space    used 4406K, capacity 4759K, committed 4864K, reserved 1048576K
}
Event: 4.438 GC heap after
{Heap after GC invocations=7 (full 0):
 garbage-first heap   total 131072K, used 39848K [0x0000000080000000, 0x0000000100000000)
  region size 1024K, 9 young (9216K), 9 survivors (9216K)
 Metaspace       used 33004K, capacity 33940K, committed 34224K, reserved 1079296K
  class space    used 4406K, capacity 4759K, committed 4864K, reserved 1048576K
}
Event: 4.562 GC heap before
{Heap before GC invocations=7 (full 0):
 garbage-first heap   total 131072K, used 44968K [0x0000000080000000, 0x0000000100000000)
  region size 1024K, 15 young (15360K), 9 survivors (9216K)
 Metaspace       used 34748K, capacity 35750K, committed 35888K, reserved 1081344K
  class space    used 4501K, capacity 4894K, committed 4992K, reserved 1048576K
}
Event: 4.575 GC heap after
{Heap after GC invocations=8 (full 0):
 garbage-first heap   total 157696K, used 41312K [0x0000000080000000, 0x0000000100000000)
  region size 1024K, 2 young (2048K), 2 survivors (2048K)
 Metaspace       used 34748K, capacity 35750K, committed 35888K, reserved 1081344K
  class space    used 4501K, capacity 4894K, committed 4992K, reserved 1048576K
}
Event: 5.542 GC heap before
{Heap before GC invocations=9 (full 0):
 garbage-first heap   total 157696K, used 97632K [0x0000000080000000, 0x0000000100000000)
  region size 1024K, 55 young (56320K), 2 survivors (2048K)
 Metaspace       used 40856K, capacity 41943K, committed 41960K, reserved 1085440K
  class space    used 5144K, capacity 5503K, committed 5504K, reserved 1048576K
}
Event: 5.549 GC heap after
{Heap after GC invocations=10 (full 0):
 garbage-first heap   total 157696K, used 45515K [0x0000000080000000, 0x0000000100000000)
  region size 1024K, 6 young (6144K), 6 survivors (6144K)
 Metaspace       used 40856K, capacity 41943K, committed 41960K, reserved 1085440K
  class space    used 5144K, capacity 5503K, committed 5504K, reserved 1048576K
}
Event: 6.420 GC heap before
{Heap before GC invocations=11 (full 0):
 garbage-first heap   total 157696K, used 114123K [0x0000000080000000, 0x0000000100000000)
  region size 1024K, 61 young (62464K), 6 survivors (6144K)
 Metaspace       used 44975K, capacity 46261K, committed 46440K, reserved 1089536K
  class space    used 5605K, capacity 6081K, committed 6144K, reserved 1048576K
}
Event: 6.430 GC heap after
{Heap after GC invocations=12 (full 0):
 garbage-first heap   total 157696K, used 61952K [0x0000000080000000, 0x0000000100000000)
  region size 1024K, 5 young (5120K), 5 survivors (5120K)
 Metaspace       used 44975K, capacity 46261K, committed 46440K, reserved 1089536K
  class space    used 5605K, capacity 6081K, committed 6144K, reserved 1048576K
}
Event: 7.064 GC heap before
{Heap before GC invocations=12 (full 0):
 garbage-first heap   total 157696K, used 116224K [0x0000000080000000, 0x0000000100000000)
  region size 1024K, 54 young (55296K), 5 survivors (5120K)
 Metaspace       used 47566K, capacity 48881K, committed 49128K, reserved 1091584K
  class space    used 6013K, capacity 6484K, committed 6528K, reserved 1048576K
}
Event: 7.071 GC heap after
{Heap after GC invocations=13 (full 0):
 garbage-first heap   total 157696K, used 71760K [0x0000000080000000, 0x0000000100000000)
  region size 1024K, 5 young (5120K), 5 survivors (5120K)
 Metaspace       used 47566K, capacity 48881K, committed 49128K, reserved 1091584K
  class space    used 6013K, capacity 6484K, committed 6528K, reserved 1048576K
}
Event: 7.778 GC heap before
{Heap before GC invocations=13 (full 0):
 garbage-first heap   total 157696K, used 117840K [0x0000000080000000, 0x0000000100000000)
  region size 1024K, 50 young (51200K), 5 survivors (5120K)
 Metaspace       used 50054K, capacity 51546K, committed 51816K, reserved 1093632K
  class space    used 6353K, capacity 6858K, committed 6912K, reserved 1048576K
}
Event: 7.788 GC heap after
{Heap after GC invocations=14 (full 0):
 garbage-first heap   total 157696K, used 73866K [0x0000000080000000, 0x0000000100000000)
  region size 1024K, 3 young (3072K), 3 survivors (3072K)
 Metaspace       used 50054K, capacity 51546K, committed 51816K, reserved 1093632K
  class space    used 6353K, capacity 6858K, committed 6912K, reserved 1048576K
}
Event: 8.072 GC heap before
{Heap before GC invocations=14 (full 0):
 garbage-first heap   total 157696K, used 87178K [0x0000000080000000, 0x0000000100000000)
  region size 1024K, 17 young (17408K), 3 survivors (3072K)
 Metaspace       used 50426K, capacity 51873K, committed 52072K, reserved 1095680K
  class space    used 6387K, capacity 6898K, committed 6912K, reserved 1048576K
}
Event: 8.078 GC heap after
{Heap after GC invocations=15 (full 0):
 garbage-first heap   total 189440K, used 74427K [0x0000000080000000, 0x0000000100000000)
  region size 1024K, 3 young (3072K), 3 survivors (3072K)
 Metaspace       used 50426K, capacity 51873K, committed 52072K, reserved 1095680K
  class space    used 6387K, capacity 6898K, committed 6912K, reserved 1048576K
}

