# JRE version: OpenJDK Runtime Environment (11.0.13) (build 11.0.13+0-b1751.21-8125866)
# Java VM: OpenJDK 64-Bit Server VM (11.0.13+0-b1751.21-8125866, mixed mode, tiered, compressed oops, g1 gc, windows-amd64)
Heap:
 garbage-first heap   total 157696K, used 70433K [0x0000000080000000, 0x0000000100000000)
  region size 1024K, 6 young (6144K), 4 survivors (4096K)
 Metaspace       used 45692K, capacity 46925K, committed 47028K, reserved 1089536K
  class space    used 5709K, capacity 6171K, committed 6272K, reserved 1048576K
GC Heap History (18 events):
Event: 0.717 GC heap before
{Heap before GC invocations=0 (full 0):
 garbage-first heap   total 131072K, used 29696K [0x0000000080000000, 0x0000000100000000)
  region size 1024K, 24 young (24576K), 0 survivors (0K)
 Metaspace       used 10234K, capacity 10495K, committed 10624K, reserved 1058816K
  class space    used 1053K, capacity 1141K, committed 1152K, reserved 1048576K
}
Event: 0.723 GC heap after
{Heap after GC invocations=1 (full 0):
 garbage-first heap   total 131072K, used 9519K [0x0000000080000000, 0x0000000100000000)
  region size 1024K, 3 young (3072K), 3 survivors (3072K)
 Metaspace       used 10234K, capacity 10495K, committed 10624K, reserved 1058816K
  class space    used 1053K, capacity 1141K, committed 1152K, reserved 1048576K
}
Event: 0.982 GC heap before
{Heap before GC invocations=1 (full 0):
 garbage-first heap   total 131072K, used 32047K [0x0000000080000000, 0x0000000100000000)
  region size 1024K, 25 young (25600K), 3 survivors (3072K)
 Metaspace       used 11184K, capacity 11386K, committed 11520K, reserved 1058816K
  class space    used 1152K, capacity 1246K, committed 1280K, reserved 1048576K
}
Event: 0.986 GC heap after
{Heap after GC invocations=2 (full 0):
 garbage-first heap   total 131072K, used 10446K [0x0000000080000000, 0x0000000100000000)
  region size 1024K, 1 young (1024K), 1 survivors (1024K)
 Metaspace       used 11184K, capacity 11386K, committed 11520K, reserved 1058816K
  class space    used 1152K, capacity 1246K, committed 1280K, reserved 1048576K
}
Event: 2.131 GC heap before
{Heap before GC invocations=2 (full 0):
 garbage-first heap   total 131072K, used 64718K [0x0000000080000000, 0x0000000100000000)
  region size 1024K, 54 young (55296K), 1 survivors (1024K)
 Metaspace       used 18009K, capacity 18402K, committed 18688K, reserved 1064960K
  class space    used 2104K, capacity 2238K, committed 2304K, reserved 1048576K
}
Event: 2.135 GC heap after
{Heap after GC invocations=3 (full 0):
 garbage-first heap   total 131072K, used 17237K [0x0000000080000000, 0x0000000100000000)
  region size 1024K, 7 young (7168K), 7 survivors (7168K)
 Metaspace       used 18009K, capacity 18402K, committed 18688K, reserved 1064960K
  class space    used 2104K, capacity 2238K, committed 2304K, reserved 1048576K
}
Event: 2.373 GC heap before
{Heap before GC invocations=3 (full 0):
 garbage-first heap   total 131072K, used 37717K [0x0000000080000000, 0x0000000100000000)
  region size 1024K, 29 young (29696K), 7 survivors (7168K)
 Metaspace       used 20728K, capacity 21154K, committed 21296K, reserved 1069056K
  class space    used 2505K, capacity 2644K, committed 2688K, reserved 1048576K
}
Event: 2.380 GC heap after
{Heap after GC invocations=4 (full 0):
 garbage-first heap   total 131072K, used 17603K [0x0000000080000000, 0x0000000100000000)
  region size 1024K, 1 young (1024K), 1 survivors (1024K)
 Metaspace       used 20728K, capacity 21154K, committed 21296K, reserved 1069056K
  class space    used 2505K, capacity 2644K, committed 2688K, reserved 1048576K
}
Event: 2.975 GC heap before
{Heap before GC invocations=5 (full 0):
 garbage-first heap   total 131072K, used 65731K [0x0000000080000000, 0x0000000100000000)
  region size 1024K, 49 young (50176K), 1 survivors (1024K)
 Metaspace       used 25762K, capacity 26380K, committed 26544K, reserved 1073152K
  class space    used 3305K, capacity 3519K, committed 3584K, reserved 1048576K
}
Event: 2.980 GC heap after
{Heap after GC invocations=6 (full 0):
 garbage-first heap   total 131072K, used 19396K [0x0000000080000000, 0x0000000100000000)
  region size 1024K, 3 young (3072K), 3 survivors (3072K)
 Metaspace       used 25762K, capacity 26380K, committed 26544K, reserved 1073152K
  class space    used 3305K, capacity 3519K, committed 3584K, reserved 1048576K
}
Event: 3.665 GC heap before
{Heap before GC invocations=6 (full 0):
 garbage-first heap   total 131072K, used 91076K [0x0000000080000000, 0x0000000100000000)
  region size 1024K, 55 young (56320K), 3 survivors (3072K)
 Metaspace       used 30072K, capacity 30916K, committed 31152K, reserved 1077248K
  class space    used 3994K, capacity 4304K, committed 4352K, reserved 1048576K
}
Event: 3.670 GC heap after
{Heap after GC invocations=7 (full 0):
 garbage-first heap   total 131072K, used 44064K [0x0000000080000000, 0x0000000100000000)
  region size 1024K, 7 young (7168K), 7 survivors (7168K)
 Metaspace       used 30072K, capacity 30916K, committed 31152K, reserved 1077248K
  class space    used 3994K, capacity 4304K, committed 4352K, reserved 1048576K
}
Event: 4.076 GC heap before
{Heap before GC invocations=7 (full 0):
 garbage-first heap   total 131072K, used 67616K [0x0000000080000000, 0x0000000100000000)
  region size 1024K, 31 young (31744K), 7 survivors (7168K)
 Metaspace       used 34757K, capacity 35762K, committed 35888K, reserved 1081344K
  class space    used 4505K, capacity 4898K, committed 4992K, reserved 1048576K
}
Event: 4.090 GC heap after
{Heap after GC invocations=8 (full 0):
 garbage-first heap   total 131072K, used 46302K [0x0000000080000000, 0x0000000100000000)
  region size 1024K, 3 young (3072K), 3 survivors (3072K)
 Metaspace       used 34757K, capacity 35762K, committed 35888K, reserved 1081344K
  class space    used 4505K, capacity 4898K, committed 4992K, reserved 1048576K
}
Event: 4.569 GC heap before
{Heap before GC invocations=9 (full 0):
 garbage-first heap   total 131072K, used 84190K [0x0000000080000000, 0x0000000100000000)
  region size 1024K, 41 young (41984K), 3 survivors (3072K)
 Metaspace       used 38579K, capacity 39656K, committed 39732K, reserved 1083392K
  class space    used 4936K, capacity 5339K, committed 5376K, reserved 1048576K
}
Event: 4.580 GC heap after
{Heap after GC invocations=10 (full 0):
 garbage-first heap   total 157696K, used 50238K [0x0000000080000000, 0x0000000100000000)
  region size 1024K, 6 young (6144K), 6 survivors (6144K)
 Metaspace       used 38579K, capacity 39656K, committed 39732K, reserved 1083392K
  class space    used 4936K, capacity 5339K, committed 5376K, reserved 1048576K
}
Event: 5.401 GC heap before
{Heap before GC invocations=11 (full 0):
 garbage-first heap   total 157696K, used 114750K [0x0000000080000000, 0x0000000100000000)
  region size 1024K, 55 young (56320K), 6 survivors (6144K)
 Metaspace       used 43092K, capacity 44276K, committed 44468K, reserved 1087488K
  class space    used 5472K, capacity 5891K, committed 6016K, reserved 1048576K
}
Event: 5.408 GC heap after
{Heap after GC invocations=12 (full 0):
 garbage-first heap   total 157696K, used 66049K [0x0000000080000000, 0x0000000100000000)
  region size 1024K, 5 young (5120K), 5 survivors (5120K)
 Metaspace       used 43092K, capacity 44276K, committed 44468K, reserved 1087488K
  class space    used 5472K, capacity 5891K, committed 6016K, reserved 1048576K
}

